ARM GAS  C:\Users\tianx\AppData\Local\Temp\cctWkruX.s 			page 1


   1              		.cpu cortex-m3
   2              		.eabi_attribute 20, 1
   3              		.eabi_attribute 21, 1
   4              		.eabi_attribute 23, 3
   5              		.eabi_attribute 24, 1
   6              		.eabi_attribute 25, 1
   7              		.eabi_attribute 26, 1
   8              		.eabi_attribute 30, 1
   9              		.eabi_attribute 34, 1
  10              		.eabi_attribute 18, 4
  11              		.file	"main.c"
  12              		.text
  13              	.Ltext0:
  14              		.cfi_sections	.debug_frame
  15              		.section	.text.SystemClock_Config,"ax",%progbits
  16              		.align	1
  17              		.global	SystemClock_Config
  18              		.arch armv7-m
  19              		.syntax unified
  20              		.thumb
  21              		.thumb_func
  22              		.fpu softvfp
  24              	SystemClock_Config:
  25              	.LFB67:
  26              		.file 1 "Src/main.c"
   1:Src/main.c    **** /* USER CODE BEGIN Header */
   2:Src/main.c    **** /**
   3:Src/main.c    ****   ******************************************************************************
   4:Src/main.c    ****   * @file           : main.c
   5:Src/main.c    ****   * @brief          : Main program body
   6:Src/main.c    ****   ******************************************************************************
   7:Src/main.c    ****   * @attention
   8:Src/main.c    ****   *
   9:Src/main.c    ****   * <h2><center>&copy; Copyright (c) 2020 STMicroelectronics.
  10:Src/main.c    ****   * All rights reserved.</center></h2>
  11:Src/main.c    ****   *
  12:Src/main.c    ****   * This software component is licensed by ST under BSD 3-Clause license,
  13:Src/main.c    ****   * the "License"; You may not use this file except in compliance with the
  14:Src/main.c    ****   * License. You may obtain a copy of the License at:
  15:Src/main.c    ****   *                        opensource.org/licenses/BSD-3-Clause
  16:Src/main.c    ****   *
  17:Src/main.c    ****   ******************************************************************************
  18:Src/main.c    ****   */
  19:Src/main.c    **** /* USER CODE END Header */
  20:Src/main.c    **** 
  21:Src/main.c    **** /* Includes ------------------------------------------------------------------*/
  22:Src/main.c    **** #include "main.h"
  23:Src/main.c    **** #include "gpio.h"
  24:Src/main.c    **** 
  25:Src/main.c    **** /* Private includes ----------------------------------------------------------*/
  26:Src/main.c    **** /* USER CODE BEGIN Includes */
  27:Src/main.c    **** 
  28:Src/main.c    **** /* USER CODE END Includes */
  29:Src/main.c    **** 
  30:Src/main.c    **** /* Private typedef -----------------------------------------------------------*/
  31:Src/main.c    **** /* USER CODE BEGIN PTD */
  32:Src/main.c    **** 
ARM GAS  C:\Users\tianx\AppData\Local\Temp\cctWkruX.s 			page 2


  33:Src/main.c    **** /* USER CODE END PTD */
  34:Src/main.c    **** 
  35:Src/main.c    **** /* Private define ------------------------------------------------------------*/
  36:Src/main.c    **** /* USER CODE BEGIN PD */
  37:Src/main.c    **** 
  38:Src/main.c    **** /* USER CODE END PD */
  39:Src/main.c    **** 
  40:Src/main.c    **** /* Private macro -------------------------------------------------------------*/
  41:Src/main.c    **** /* USER CODE BEGIN PM */
  42:Src/main.c    **** 
  43:Src/main.c    **** /* USER CODE END PM */
  44:Src/main.c    **** 
  45:Src/main.c    **** /* Private variables ---------------------------------------------------------*/
  46:Src/main.c    **** 
  47:Src/main.c    **** /* USER CODE BEGIN PV */
  48:Src/main.c    **** 
  49:Src/main.c    **** /* USER CODE END PV */
  50:Src/main.c    **** 
  51:Src/main.c    **** /* Private function prototypes -----------------------------------------------*/
  52:Src/main.c    **** void SystemClock_Config(void);
  53:Src/main.c    **** /* USER CODE BEGIN PFP */
  54:Src/main.c    **** 
  55:Src/main.c    **** /* USER CODE END PFP */
  56:Src/main.c    **** 
  57:Src/main.c    **** /* Private user code ---------------------------------------------------------*/
  58:Src/main.c    **** /* USER CODE BEGIN 0 */
  59:Src/main.c    **** 
  60:Src/main.c    **** /* USER CODE END 0 */
  61:Src/main.c    **** 
  62:Src/main.c    **** /**
  63:Src/main.c    ****   * @brief  The application entry point.
  64:Src/main.c    ****   * @retval int
  65:Src/main.c    ****   */
  66:Src/main.c    **** int main(void)
  67:Src/main.c    **** {
  68:Src/main.c    ****   /* USER CODE BEGIN 1 */
  69:Src/main.c    **** 
  70:Src/main.c    ****   /* USER CODE END 1 */
  71:Src/main.c    ****   
  72:Src/main.c    **** 
  73:Src/main.c    ****   /* MCU Configuration--------------------------------------------------------*/
  74:Src/main.c    **** 
  75:Src/main.c    ****   /* Reset of all peripherals, Initializes the Flash interface and the Systick. */
  76:Src/main.c    ****   HAL_Init();
  77:Src/main.c    **** 
  78:Src/main.c    ****   /* USER CODE BEGIN Init */
  79:Src/main.c    **** 
  80:Src/main.c    ****   /* USER CODE END Init */
  81:Src/main.c    **** 
  82:Src/main.c    ****   /* Configure the system clock */
  83:Src/main.c    ****   SystemClock_Config();
  84:Src/main.c    **** 
  85:Src/main.c    ****   /* USER CODE BEGIN SysInit */
  86:Src/main.c    **** 
  87:Src/main.c    ****   /* USER CODE END SysInit */
  88:Src/main.c    **** 
  89:Src/main.c    ****   /* Initialize all configured peripherals */
ARM GAS  C:\Users\tianx\AppData\Local\Temp\cctWkruX.s 			page 3


  90:Src/main.c    ****   MX_GPIO_Init();
  91:Src/main.c    ****   /* USER CODE BEGIN 2 */
  92:Src/main.c    **** 
  93:Src/main.c    ****   /* USER CODE END 2 */
  94:Src/main.c    **** 
  95:Src/main.c    ****   /* Infinite loop */
  96:Src/main.c    ****   /* USER CODE BEGIN WHILE */
  97:Src/main.c    ****   while (1)
  98:Src/main.c    ****   {
  99:Src/main.c    ****     /* USER CODE END WHILE */
 100:Src/main.c    **** 
 101:Src/main.c    ****     /* USER CODE BEGIN 3 */
 102:Src/main.c    ****   }
 103:Src/main.c    ****   /* USER CODE END 3 */
 104:Src/main.c    **** }
 105:Src/main.c    **** 
 106:Src/main.c    **** /**
 107:Src/main.c    ****   * @brief System Clock Configuration
 108:Src/main.c    ****   * @retval None
 109:Src/main.c    ****   */
 110:Src/main.c    **** void SystemClock_Config(void)
 111:Src/main.c    **** {
  27              		.loc 1 111 1 view -0
  28              		.cfi_startproc
  29              		@ args = 0, pretend = 0, frame = 64
  30              		@ frame_needed = 0, uses_anonymous_args = 0
  31 0000 30B5     		push	{r4, r5, lr}
  32              	.LCFI0:
  33              		.cfi_def_cfa_offset 12
  34              		.cfi_offset 4, -12
  35              		.cfi_offset 5, -8
  36              		.cfi_offset 14, -4
  37 0002 91B0     		sub	sp, sp, #68
  38              	.LCFI1:
  39              		.cfi_def_cfa_offset 80
 112:Src/main.c    ****   RCC_OscInitTypeDef RCC_OscInitStruct = {0};
  40              		.loc 1 112 3 view .LVU1
  41              		.loc 1 112 22 is_stmt 0 view .LVU2
  42 0004 0024     		movs	r4, #0
  43 0006 0994     		str	r4, [sp, #36]
  44 0008 0B94     		str	r4, [sp, #44]
  45 000a 0C94     		str	r4, [sp, #48]
 113:Src/main.c    ****   RCC_ClkInitTypeDef RCC_ClkInitStruct = {0};
  46              		.loc 1 113 3 is_stmt 1 view .LVU3
  47              		.loc 1 113 22 is_stmt 0 view .LVU4
  48 000c 0194     		str	r4, [sp, #4]
  49 000e 0294     		str	r4, [sp, #8]
  50 0010 0394     		str	r4, [sp, #12]
  51 0012 0494     		str	r4, [sp, #16]
  52 0014 0594     		str	r4, [sp, #20]
 114:Src/main.c    **** 
 115:Src/main.c    ****   /** Initializes the CPU, AHB and APB busses clocks 
 116:Src/main.c    ****   */
 117:Src/main.c    ****   RCC_OscInitStruct.OscillatorType = RCC_OSCILLATORTYPE_HSE;
  53              		.loc 1 117 3 is_stmt 1 view .LVU5
  54              		.loc 1 117 36 is_stmt 0 view .LVU6
  55 0016 0122     		movs	r2, #1
ARM GAS  C:\Users\tianx\AppData\Local\Temp\cctWkruX.s 			page 4


  56 0018 0692     		str	r2, [sp, #24]
 118:Src/main.c    ****   RCC_OscInitStruct.HSEState = RCC_HSE_ON;
  57              		.loc 1 118 3 is_stmt 1 view .LVU7
  58              		.loc 1 118 30 is_stmt 0 view .LVU8
  59 001a 4FF48033 		mov	r3, #65536
  60 001e 0793     		str	r3, [sp, #28]
 119:Src/main.c    ****   RCC_OscInitStruct.HSEPredivValue = RCC_HSE_PREDIV_DIV1;
  61              		.loc 1 119 3 is_stmt 1 view .LVU9
  62              		.loc 1 119 36 is_stmt 0 view .LVU10
  63 0020 0894     		str	r4, [sp, #32]
 120:Src/main.c    ****   RCC_OscInitStruct.HSIState = RCC_HSI_ON;
  64              		.loc 1 120 3 is_stmt 1 view .LVU11
  65              		.loc 1 120 30 is_stmt 0 view .LVU12
  66 0022 0A92     		str	r2, [sp, #40]
 121:Src/main.c    ****   RCC_OscInitStruct.PLL.PLLState = RCC_PLL_ON;
  67              		.loc 1 121 3 is_stmt 1 view .LVU13
  68              		.loc 1 121 34 is_stmt 0 view .LVU14
  69 0024 0225     		movs	r5, #2
  70 0026 0D95     		str	r5, [sp, #52]
 122:Src/main.c    ****   RCC_OscInitStruct.PLL.PLLSource = RCC_PLLSOURCE_HSE;
  71              		.loc 1 122 3 is_stmt 1 view .LVU15
  72              		.loc 1 122 35 is_stmt 0 view .LVU16
  73 0028 0E93     		str	r3, [sp, #56]
 123:Src/main.c    ****   RCC_OscInitStruct.PLL.PLLMUL = RCC_PLL_MUL9;
  74              		.loc 1 123 3 is_stmt 1 view .LVU17
  75              		.loc 1 123 32 is_stmt 0 view .LVU18
  76 002a 4FF4E013 		mov	r3, #1835008
  77 002e 0F93     		str	r3, [sp, #60]
 124:Src/main.c    ****   if (HAL_RCC_OscConfig(&RCC_OscInitStruct) != HAL_OK)
  78              		.loc 1 124 3 is_stmt 1 view .LVU19
  79              		.loc 1 124 7 is_stmt 0 view .LVU20
  80 0030 06A8     		add	r0, sp, #24
  81 0032 FFF7FEFF 		bl	HAL_RCC_OscConfig
  82              	.LVL0:
 125:Src/main.c    ****   {
 126:Src/main.c    ****     Error_Handler();
 127:Src/main.c    ****   }
 128:Src/main.c    ****   /** Initializes the CPU, AHB and APB busses clocks 
 129:Src/main.c    ****   */
 130:Src/main.c    ****   RCC_ClkInitStruct.ClockType = RCC_CLOCKTYPE_HCLK|RCC_CLOCKTYPE_SYSCLK
  83              		.loc 1 130 3 is_stmt 1 view .LVU21
  84              		.loc 1 130 31 is_stmt 0 view .LVU22
  85 0036 0F23     		movs	r3, #15
  86 0038 0193     		str	r3, [sp, #4]
 131:Src/main.c    ****                               |RCC_CLOCKTYPE_PCLK1|RCC_CLOCKTYPE_PCLK2;
 132:Src/main.c    ****   RCC_ClkInitStruct.SYSCLKSource = RCC_SYSCLKSOURCE_PLLCLK;
  87              		.loc 1 132 3 is_stmt 1 view .LVU23
  88              		.loc 1 132 34 is_stmt 0 view .LVU24
  89 003a 0295     		str	r5, [sp, #8]
 133:Src/main.c    ****   RCC_ClkInitStruct.AHBCLKDivider = RCC_SYSCLK_DIV1;
  90              		.loc 1 133 3 is_stmt 1 view .LVU25
  91              		.loc 1 133 35 is_stmt 0 view .LVU26
  92 003c 0394     		str	r4, [sp, #12]
 134:Src/main.c    ****   RCC_ClkInitStruct.APB1CLKDivider = RCC_HCLK_DIV2;
  93              		.loc 1 134 3 is_stmt 1 view .LVU27
  94              		.loc 1 134 36 is_stmt 0 view .LVU28
  95 003e 4FF48063 		mov	r3, #1024
ARM GAS  C:\Users\tianx\AppData\Local\Temp\cctWkruX.s 			page 5


  96 0042 0493     		str	r3, [sp, #16]
 135:Src/main.c    ****   RCC_ClkInitStruct.APB2CLKDivider = RCC_HCLK_DIV1;
  97              		.loc 1 135 3 is_stmt 1 view .LVU29
  98              		.loc 1 135 36 is_stmt 0 view .LVU30
  99 0044 0594     		str	r4, [sp, #20]
 136:Src/main.c    **** 
 137:Src/main.c    ****   if (HAL_RCC_ClockConfig(&RCC_ClkInitStruct, FLASH_LATENCY_2) != HAL_OK)
 100              		.loc 1 137 3 is_stmt 1 view .LVU31
 101              		.loc 1 137 7 is_stmt 0 view .LVU32
 102 0046 2946     		mov	r1, r5
 103 0048 01A8     		add	r0, sp, #4
 104 004a FFF7FEFF 		bl	HAL_RCC_ClockConfig
 105              	.LVL1:
 138:Src/main.c    ****   {
 139:Src/main.c    ****     Error_Handler();
 140:Src/main.c    ****   }
 141:Src/main.c    **** }
 106              		.loc 1 141 1 view .LVU33
 107 004e 11B0     		add	sp, sp, #68
 108              	.LCFI2:
 109              		.cfi_def_cfa_offset 12
 110              		@ sp needed
 111 0050 30BD     		pop	{r4, r5, pc}
 112              		.cfi_endproc
 113              	.LFE67:
 115              		.section	.text.main,"ax",%progbits
 116              		.align	1
 117              		.global	main
 118              		.syntax unified
 119              		.thumb
 120              		.thumb_func
 121              		.fpu softvfp
 123              	main:
 124              	.LFB66:
  67:Src/main.c    ****   /* USER CODE BEGIN 1 */
 125              		.loc 1 67 1 is_stmt 1 view -0
 126              		.cfi_startproc
 127              		@ Volatile: function does not return.
 128              		@ args = 0, pretend = 0, frame = 0
 129              		@ frame_needed = 0, uses_anonymous_args = 0
 130 0000 08B5     		push	{r3, lr}
 131              	.LCFI3:
 132              		.cfi_def_cfa_offset 8
 133              		.cfi_offset 3, -8
 134              		.cfi_offset 14, -4
  76:Src/main.c    **** 
 135              		.loc 1 76 3 view .LVU35
 136 0002 FFF7FEFF 		bl	HAL_Init
 137              	.LVL2:
  83:Src/main.c    **** 
 138              		.loc 1 83 3 view .LVU36
 139 0006 FFF7FEFF 		bl	SystemClock_Config
 140              	.LVL3:
  90:Src/main.c    ****   /* USER CODE BEGIN 2 */
 141              		.loc 1 90 3 view .LVU37
 142 000a FFF7FEFF 		bl	MX_GPIO_Init
 143              	.LVL4:
ARM GAS  C:\Users\tianx\AppData\Local\Temp\cctWkruX.s 			page 6


 144              	.L4:
  97:Src/main.c    ****   {
 145              		.loc 1 97 3 discriminator 1 view .LVU38
 102:Src/main.c    ****   /* USER CODE END 3 */
 146              		.loc 1 102 3 discriminator 1 view .LVU39
  97:Src/main.c    ****   {
 147              		.loc 1 97 9 discriminator 1 view .LVU40
 148 000e FEE7     		b	.L4
 149              		.cfi_endproc
 150              	.LFE66:
 152              		.section	.text.Error_Handler,"ax",%progbits
 153              		.align	1
 154              		.global	Error_Handler
 155              		.syntax unified
 156              		.thumb
 157              		.thumb_func
 158              		.fpu softvfp
 160              	Error_Handler:
 161              	.LFB68:
 142:Src/main.c    **** 
 143:Src/main.c    **** /* USER CODE BEGIN 4 */
 144:Src/main.c    **** 
 145:Src/main.c    **** /* USER CODE END 4 */
 146:Src/main.c    **** 
 147:Src/main.c    **** /**
 148:Src/main.c    ****   * @brief  This function is executed in case of error occurrence.
 149:Src/main.c    ****   * @retval None
 150:Src/main.c    ****   */
 151:Src/main.c    **** void Error_Handler(void)
 152:Src/main.c    **** {
 162              		.loc 1 152 1 view -0
 163              		.cfi_startproc
 164              		@ args = 0, pretend = 0, frame = 0
 165              		@ frame_needed = 0, uses_anonymous_args = 0
 166              		@ link register save eliminated.
 153:Src/main.c    ****   /* USER CODE BEGIN Error_Handler_Debug */
 154:Src/main.c    ****   /* User can add his own implementation to report the HAL error return state */
 155:Src/main.c    **** 
 156:Src/main.c    ****   /* USER CODE END Error_Handler_Debug */
 157:Src/main.c    **** }
 167              		.loc 1 157 1 view .LVU42
 168 0000 7047     		bx	lr
 169              		.cfi_endproc
 170              	.LFE68:
 172              		.text
 173              	.Letext0:
 174              		.file 2 "d:\\arm_gcc\\9 2020-q2-update\\arm-none-eabi\\include\\machine\\_default_types.h"
 175              		.file 3 "d:\\arm_gcc\\9 2020-q2-update\\arm-none-eabi\\include\\sys\\_stdint.h"
 176              		.file 4 "Drivers/CMSIS/Include/core_cm3.h"
 177              		.file 5 "Drivers/CMSIS/Device/ST/STM32F1xx/Include/system_stm32f1xx.h"
 178              		.file 6 "d:\\arm_gcc\\9 2020-q2-update\\lib\\gcc\\arm-none-eabi\\9.3.1\\include\\stddef.h"
 179              		.file 7 "d:\\arm_gcc\\9 2020-q2-update\\arm-none-eabi\\include\\sys\\_types.h"
 180              		.file 8 "d:\\arm_gcc\\9 2020-q2-update\\arm-none-eabi\\include\\sys\\reent.h"
 181              		.file 9 "d:\\arm_gcc\\9 2020-q2-update\\arm-none-eabi\\include\\sys\\lock.h"
 182              		.file 10 "Drivers/STM32F1xx_HAL_Driver/Inc/stm32f1xx_hal_rcc.h"
 183              		.file 11 "Drivers/STM32F1xx_HAL_Driver/Inc/stm32f1xx_hal_rcc_ex.h"
 184              		.file 12 "Drivers/STM32F1xx_HAL_Driver/Inc/stm32f1xx_hal_def.h"
ARM GAS  C:\Users\tianx\AppData\Local\Temp\cctWkruX.s 			page 7


 185              		.file 13 "Drivers/STM32F1xx_HAL_Driver/Inc/stm32f1xx_hal.h"
 186              		.file 14 "Inc/gpio.h"
ARM GAS  C:\Users\tianx\AppData\Local\Temp\cctWkruX.s 			page 8


DEFINED SYMBOLS
                            *ABS*:00000000 main.c
C:\Users\tianx\AppData\Local\Temp\cctWkruX.s:16     .text.SystemClock_Config:00000000 $t
C:\Users\tianx\AppData\Local\Temp\cctWkruX.s:24     .text.SystemClock_Config:00000000 SystemClock_Config
C:\Users\tianx\AppData\Local\Temp\cctWkruX.s:116    .text.main:00000000 $t
C:\Users\tianx\AppData\Local\Temp\cctWkruX.s:123    .text.main:00000000 main
C:\Users\tianx\AppData\Local\Temp\cctWkruX.s:153    .text.Error_Handler:00000000 $t
C:\Users\tianx\AppData\Local\Temp\cctWkruX.s:160    .text.Error_Handler:00000000 Error_Handler

UNDEFINED SYMBOLS
HAL_RCC_OscConfig
HAL_RCC_ClockConfig
HAL_Init
MX_GPIO_Init
