ARM GAS  C:\Users\tianx\AppData\Local\Temp\ccL08p8k.s 			page 1


   1              		.cpu cortex-m3
   2              		.eabi_attribute 20, 1
   3              		.eabi_attribute 21, 1
   4              		.eabi_attribute 23, 3
   5              		.eabi_attribute 24, 1
   6              		.eabi_attribute 25, 1
   7              		.eabi_attribute 26, 1
   8              		.eabi_attribute 30, 1
   9              		.eabi_attribute 34, 1
  10              		.eabi_attribute 18, 4
  11              		.file	"stm32f1xx_it.c"
  12              		.text
  13              	.Ltext0:
  14              		.cfi_sections	.debug_frame
  15              		.section	.text.NMI_Handler,"ax",%progbits
  16              		.align	1
  17              		.global	NMI_Handler
  18              		.arch armv7-m
  19              		.syntax unified
  20              		.thumb
  21              		.thumb_func
  22              		.fpu softvfp
  24              	NMI_Handler:
  25              	.LFB110:
  26              		.file 1 "Src/stm32f1xx_it.c"
   1:Src/stm32f1xx_it.c **** /* USER CODE BEGIN Header */
   2:Src/stm32f1xx_it.c **** /**
   3:Src/stm32f1xx_it.c ****   ******************************************************************************
   4:Src/stm32f1xx_it.c ****   * @file    stm32f1xx_it.c
   5:Src/stm32f1xx_it.c ****   * @brief   Interrupt Service Routines.
   6:Src/stm32f1xx_it.c ****   ******************************************************************************
   7:Src/stm32f1xx_it.c ****   * @attention
   8:Src/stm32f1xx_it.c ****   *
   9:Src/stm32f1xx_it.c ****   * <h2><center>&copy; Copyright (c) 2020 STMicroelectronics.
  10:Src/stm32f1xx_it.c ****   * All rights reserved.</center></h2>
  11:Src/stm32f1xx_it.c ****   *
  12:Src/stm32f1xx_it.c ****   * This software component is licensed by ST under BSD 3-Clause license,
  13:Src/stm32f1xx_it.c ****   * the "License"; You may not use this file except in compliance with the
  14:Src/stm32f1xx_it.c ****   * License. You may obtain a copy of the License at:
  15:Src/stm32f1xx_it.c ****   *                        opensource.org/licenses/BSD-3-Clause
  16:Src/stm32f1xx_it.c ****   *
  17:Src/stm32f1xx_it.c ****   ******************************************************************************
  18:Src/stm32f1xx_it.c ****   */
  19:Src/stm32f1xx_it.c **** /* USER CODE END Header */
  20:Src/stm32f1xx_it.c **** 
  21:Src/stm32f1xx_it.c **** /* Includes ------------------------------------------------------------------*/
  22:Src/stm32f1xx_it.c **** #include "main.h"
  23:Src/stm32f1xx_it.c **** #include "stm32f1xx_it.h"
  24:Src/stm32f1xx_it.c **** /* Private includes ----------------------------------------------------------*/
  25:Src/stm32f1xx_it.c **** /* USER CODE BEGIN Includes */
  26:Src/stm32f1xx_it.c **** #include "tos_k.h"
  27:Src/stm32f1xx_it.c **** /* USER CODE END Includes */
  28:Src/stm32f1xx_it.c **** 
  29:Src/stm32f1xx_it.c **** /* Private typedef -----------------------------------------------------------*/
  30:Src/stm32f1xx_it.c **** /* USER CODE BEGIN TD */
  31:Src/stm32f1xx_it.c **** 
  32:Src/stm32f1xx_it.c **** /* USER CODE END TD */
ARM GAS  C:\Users\tianx\AppData\Local\Temp\ccL08p8k.s 			page 2


  33:Src/stm32f1xx_it.c **** 
  34:Src/stm32f1xx_it.c **** /* Private define ------------------------------------------------------------*/
  35:Src/stm32f1xx_it.c **** /* USER CODE BEGIN PD */
  36:Src/stm32f1xx_it.c **** 
  37:Src/stm32f1xx_it.c **** /* USER CODE END PD */
  38:Src/stm32f1xx_it.c **** 
  39:Src/stm32f1xx_it.c **** /* Private macro -------------------------------------------------------------*/
  40:Src/stm32f1xx_it.c **** /* USER CODE BEGIN PM */
  41:Src/stm32f1xx_it.c **** 
  42:Src/stm32f1xx_it.c **** /* USER CODE END PM */
  43:Src/stm32f1xx_it.c **** 
  44:Src/stm32f1xx_it.c **** /* Private variables ---------------------------------------------------------*/
  45:Src/stm32f1xx_it.c **** /* USER CODE BEGIN PV */
  46:Src/stm32f1xx_it.c **** 
  47:Src/stm32f1xx_it.c **** /* USER CODE END PV */
  48:Src/stm32f1xx_it.c **** 
  49:Src/stm32f1xx_it.c **** /* Private function prototypes -----------------------------------------------*/
  50:Src/stm32f1xx_it.c **** /* USER CODE BEGIN PFP */
  51:Src/stm32f1xx_it.c **** 
  52:Src/stm32f1xx_it.c **** /* USER CODE END PFP */
  53:Src/stm32f1xx_it.c **** 
  54:Src/stm32f1xx_it.c **** /* Private user code ---------------------------------------------------------*/
  55:Src/stm32f1xx_it.c **** /* USER CODE BEGIN 0 */
  56:Src/stm32f1xx_it.c **** 
  57:Src/stm32f1xx_it.c **** /* USER CODE END 0 */
  58:Src/stm32f1xx_it.c **** 
  59:Src/stm32f1xx_it.c **** /* External variables --------------------------------------------------------*/
  60:Src/stm32f1xx_it.c **** extern UART_HandleTypeDef huart1;
  61:Src/stm32f1xx_it.c **** /* USER CODE BEGIN EV */
  62:Src/stm32f1xx_it.c **** 
  63:Src/stm32f1xx_it.c **** /* USER CODE END EV */
  64:Src/stm32f1xx_it.c **** 
  65:Src/stm32f1xx_it.c **** /******************************************************************************/
  66:Src/stm32f1xx_it.c **** /*           Cortex-M3 Processor Interruption and Exception Handlers          */ 
  67:Src/stm32f1xx_it.c **** /******************************************************************************/
  68:Src/stm32f1xx_it.c **** /**
  69:Src/stm32f1xx_it.c ****   * @brief This function handles Non maskable interrupt.
  70:Src/stm32f1xx_it.c ****   */
  71:Src/stm32f1xx_it.c **** void NMI_Handler(void)
  72:Src/stm32f1xx_it.c **** {
  27              		.loc 1 72 1 view -0
  28              		.cfi_startproc
  29              		@ args = 0, pretend = 0, frame = 0
  30              		@ frame_needed = 0, uses_anonymous_args = 0
  31              		@ link register save eliminated.
  73:Src/stm32f1xx_it.c ****   /* USER CODE BEGIN NonMaskableInt_IRQn 0 */
  74:Src/stm32f1xx_it.c **** 
  75:Src/stm32f1xx_it.c ****   /* USER CODE END NonMaskableInt_IRQn 0 */
  76:Src/stm32f1xx_it.c ****   /* USER CODE BEGIN NonMaskableInt_IRQn 1 */
  77:Src/stm32f1xx_it.c **** 
  78:Src/stm32f1xx_it.c ****   /* USER CODE END NonMaskableInt_IRQn 1 */
  79:Src/stm32f1xx_it.c **** }
  32              		.loc 1 79 1 view .LVU1
  33 0000 7047     		bx	lr
  34              		.cfi_endproc
  35              	.LFE110:
  37              		.section	.text.HardFault_Handler,"ax",%progbits
ARM GAS  C:\Users\tianx\AppData\Local\Temp\ccL08p8k.s 			page 3


  38              		.align	1
  39              		.global	HardFault_Handler
  40              		.syntax unified
  41              		.thumb
  42              		.thumb_func
  43              		.fpu softvfp
  45              	HardFault_Handler:
  46              	.LFB111:
  80:Src/stm32f1xx_it.c **** 
  81:Src/stm32f1xx_it.c **** /**
  82:Src/stm32f1xx_it.c ****   * @brief This function handles Hard fault interrupt.
  83:Src/stm32f1xx_it.c ****   */
  84:Src/stm32f1xx_it.c **** void HardFault_Handler(void)
  85:Src/stm32f1xx_it.c **** {
  47              		.loc 1 85 1 view -0
  48              		.cfi_startproc
  49              		@ Volatile: function does not return.
  50              		@ args = 0, pretend = 0, frame = 0
  51              		@ frame_needed = 0, uses_anonymous_args = 0
  52              		@ link register save eliminated.
  53              	.L3:
  86:Src/stm32f1xx_it.c ****   /* USER CODE BEGIN HardFault_IRQn 0 */
  87:Src/stm32f1xx_it.c **** 
  88:Src/stm32f1xx_it.c ****   /* USER CODE END HardFault_IRQn 0 */
  89:Src/stm32f1xx_it.c ****   while (1)
  54              		.loc 1 89 3 discriminator 1 view .LVU3
  90:Src/stm32f1xx_it.c ****   {
  91:Src/stm32f1xx_it.c ****     /* USER CODE BEGIN W1_HardFault_IRQn 0 */
  92:Src/stm32f1xx_it.c ****     /* USER CODE END W1_HardFault_IRQn 0 */
  93:Src/stm32f1xx_it.c ****   }
  55              		.loc 1 93 3 discriminator 1 view .LVU4
  56 0000 FEE7     		b	.L3
  57              		.cfi_endproc
  58              	.LFE111:
  60              		.section	.text.MemManage_Handler,"ax",%progbits
  61              		.align	1
  62              		.global	MemManage_Handler
  63              		.syntax unified
  64              		.thumb
  65              		.thumb_func
  66              		.fpu softvfp
  68              	MemManage_Handler:
  69              	.LFB112:
  94:Src/stm32f1xx_it.c **** }
  95:Src/stm32f1xx_it.c **** 
  96:Src/stm32f1xx_it.c **** /**
  97:Src/stm32f1xx_it.c ****   * @brief This function handles Memory management fault.
  98:Src/stm32f1xx_it.c ****   */
  99:Src/stm32f1xx_it.c **** void MemManage_Handler(void)
 100:Src/stm32f1xx_it.c **** {
  70              		.loc 1 100 1 view -0
  71              		.cfi_startproc
  72              		@ Volatile: function does not return.
  73              		@ args = 0, pretend = 0, frame = 0
  74              		@ frame_needed = 0, uses_anonymous_args = 0
  75              		@ link register save eliminated.
  76              	.L5:
ARM GAS  C:\Users\tianx\AppData\Local\Temp\ccL08p8k.s 			page 4


 101:Src/stm32f1xx_it.c ****   /* USER CODE BEGIN MemoryManagement_IRQn 0 */
 102:Src/stm32f1xx_it.c **** 
 103:Src/stm32f1xx_it.c ****   /* USER CODE END MemoryManagement_IRQn 0 */
 104:Src/stm32f1xx_it.c ****   while (1)
  77              		.loc 1 104 3 discriminator 1 view .LVU6
 105:Src/stm32f1xx_it.c ****   {
 106:Src/stm32f1xx_it.c ****     /* USER CODE BEGIN W1_MemoryManagement_IRQn 0 */
 107:Src/stm32f1xx_it.c ****     /* USER CODE END W1_MemoryManagement_IRQn 0 */
 108:Src/stm32f1xx_it.c ****   }
  78              		.loc 1 108 3 discriminator 1 view .LVU7
  79 0000 FEE7     		b	.L5
  80              		.cfi_endproc
  81              	.LFE112:
  83              		.section	.text.BusFault_Handler,"ax",%progbits
  84              		.align	1
  85              		.global	BusFault_Handler
  86              		.syntax unified
  87              		.thumb
  88              		.thumb_func
  89              		.fpu softvfp
  91              	BusFault_Handler:
  92              	.LFB113:
 109:Src/stm32f1xx_it.c **** }
 110:Src/stm32f1xx_it.c **** 
 111:Src/stm32f1xx_it.c **** /**
 112:Src/stm32f1xx_it.c ****   * @brief This function handles Prefetch fault, memory access fault.
 113:Src/stm32f1xx_it.c ****   */
 114:Src/stm32f1xx_it.c **** void BusFault_Handler(void)
 115:Src/stm32f1xx_it.c **** {
  93              		.loc 1 115 1 view -0
  94              		.cfi_startproc
  95              		@ Volatile: function does not return.
  96              		@ args = 0, pretend = 0, frame = 0
  97              		@ frame_needed = 0, uses_anonymous_args = 0
  98              		@ link register save eliminated.
  99              	.L7:
 116:Src/stm32f1xx_it.c ****   /* USER CODE BEGIN BusFault_IRQn 0 */
 117:Src/stm32f1xx_it.c **** 
 118:Src/stm32f1xx_it.c ****   /* USER CODE END BusFault_IRQn 0 */
 119:Src/stm32f1xx_it.c ****   while (1)
 100              		.loc 1 119 3 discriminator 1 view .LVU9
 120:Src/stm32f1xx_it.c ****   {
 121:Src/stm32f1xx_it.c ****     /* USER CODE BEGIN W1_BusFault_IRQn 0 */
 122:Src/stm32f1xx_it.c ****     /* USER CODE END W1_BusFault_IRQn 0 */
 123:Src/stm32f1xx_it.c ****   }
 101              		.loc 1 123 3 discriminator 1 view .LVU10
 102 0000 FEE7     		b	.L7
 103              		.cfi_endproc
 104              	.LFE113:
 106              		.section	.text.UsageFault_Handler,"ax",%progbits
 107              		.align	1
 108              		.global	UsageFault_Handler
 109              		.syntax unified
 110              		.thumb
 111              		.thumb_func
 112              		.fpu softvfp
 114              	UsageFault_Handler:
ARM GAS  C:\Users\tianx\AppData\Local\Temp\ccL08p8k.s 			page 5


 115              	.LFB114:
 124:Src/stm32f1xx_it.c **** }
 125:Src/stm32f1xx_it.c **** 
 126:Src/stm32f1xx_it.c **** /**
 127:Src/stm32f1xx_it.c ****   * @brief This function handles Undefined instruction or illegal state.
 128:Src/stm32f1xx_it.c ****   */
 129:Src/stm32f1xx_it.c **** void UsageFault_Handler(void)
 130:Src/stm32f1xx_it.c **** {
 116              		.loc 1 130 1 view -0
 117              		.cfi_startproc
 118              		@ Volatile: function does not return.
 119              		@ args = 0, pretend = 0, frame = 0
 120              		@ frame_needed = 0, uses_anonymous_args = 0
 121              		@ link register save eliminated.
 122              	.L9:
 131:Src/stm32f1xx_it.c ****   /* USER CODE BEGIN UsageFault_IRQn 0 */
 132:Src/stm32f1xx_it.c **** 
 133:Src/stm32f1xx_it.c ****   /* USER CODE END UsageFault_IRQn 0 */
 134:Src/stm32f1xx_it.c ****   while (1)
 123              		.loc 1 134 3 discriminator 1 view .LVU12
 135:Src/stm32f1xx_it.c ****   {
 136:Src/stm32f1xx_it.c ****     /* USER CODE BEGIN W1_UsageFault_IRQn 0 */
 137:Src/stm32f1xx_it.c ****     /* USER CODE END W1_UsageFault_IRQn 0 */
 138:Src/stm32f1xx_it.c ****   }
 124              		.loc 1 138 3 discriminator 1 view .LVU13
 125 0000 FEE7     		b	.L9
 126              		.cfi_endproc
 127              	.LFE114:
 129              		.section	.text.SVC_Handler,"ax",%progbits
 130              		.align	1
 131              		.global	SVC_Handler
 132              		.syntax unified
 133              		.thumb
 134              		.thumb_func
 135              		.fpu softvfp
 137              	SVC_Handler:
 138              	.LFB115:
 139:Src/stm32f1xx_it.c **** }
 140:Src/stm32f1xx_it.c **** 
 141:Src/stm32f1xx_it.c **** /**
 142:Src/stm32f1xx_it.c ****   * @brief This function handles System service call via SWI instruction.
 143:Src/stm32f1xx_it.c ****   */
 144:Src/stm32f1xx_it.c **** void SVC_Handler(void)
 145:Src/stm32f1xx_it.c **** {
 139              		.loc 1 145 1 view -0
 140              		.cfi_startproc
 141              		@ args = 0, pretend = 0, frame = 0
 142              		@ frame_needed = 0, uses_anonymous_args = 0
 143              		@ link register save eliminated.
 146:Src/stm32f1xx_it.c ****   /* USER CODE BEGIN SVCall_IRQn 0 */
 147:Src/stm32f1xx_it.c **** 
 148:Src/stm32f1xx_it.c ****   /* USER CODE END SVCall_IRQn 0 */
 149:Src/stm32f1xx_it.c ****   /* USER CODE BEGIN SVCall_IRQn 1 */
 150:Src/stm32f1xx_it.c **** 
 151:Src/stm32f1xx_it.c ****   /* USER CODE END SVCall_IRQn 1 */
 152:Src/stm32f1xx_it.c **** }
 144              		.loc 1 152 1 view .LVU15
ARM GAS  C:\Users\tianx\AppData\Local\Temp\ccL08p8k.s 			page 6


 145 0000 7047     		bx	lr
 146              		.cfi_endproc
 147              	.LFE115:
 149              		.section	.text.DebugMon_Handler,"ax",%progbits
 150              		.align	1
 151              		.global	DebugMon_Handler
 152              		.syntax unified
 153              		.thumb
 154              		.thumb_func
 155              		.fpu softvfp
 157              	DebugMon_Handler:
 158              	.LFB116:
 153:Src/stm32f1xx_it.c **** 
 154:Src/stm32f1xx_it.c **** /**
 155:Src/stm32f1xx_it.c ****   * @brief This function handles Debug monitor.
 156:Src/stm32f1xx_it.c ****   */
 157:Src/stm32f1xx_it.c **** void DebugMon_Handler(void)
 158:Src/stm32f1xx_it.c **** {
 159              		.loc 1 158 1 view -0
 160              		.cfi_startproc
 161              		@ args = 0, pretend = 0, frame = 0
 162              		@ frame_needed = 0, uses_anonymous_args = 0
 163              		@ link register save eliminated.
 159:Src/stm32f1xx_it.c ****   /* USER CODE BEGIN DebugMonitor_IRQn 0 */
 160:Src/stm32f1xx_it.c **** 
 161:Src/stm32f1xx_it.c ****   /* USER CODE END DebugMonitor_IRQn 0 */
 162:Src/stm32f1xx_it.c ****   /* USER CODE BEGIN DebugMonitor_IRQn 1 */
 163:Src/stm32f1xx_it.c **** 
 164:Src/stm32f1xx_it.c ****   /* USER CODE END DebugMonitor_IRQn 1 */
 165:Src/stm32f1xx_it.c **** }
 164              		.loc 1 165 1 view .LVU17
 165 0000 7047     		bx	lr
 166              		.cfi_endproc
 167              	.LFE116:
 169              		.section	.text.PendSV_Handler,"ax",%progbits
 170              		.align	1
 171              		.weak	PendSV_Handler
 172              		.syntax unified
 173              		.thumb
 174              		.thumb_func
 175              		.fpu softvfp
 177              	PendSV_Handler:
 178              	.LFB117:
 166:Src/stm32f1xx_it.c **** 
 167:Src/stm32f1xx_it.c **** /**
 168:Src/stm32f1xx_it.c ****   * @brief This function handles Pendable request for system service.
 169:Src/stm32f1xx_it.c ****   */
 170:Src/stm32f1xx_it.c **** __weak void PendSV_Handler(void)
 171:Src/stm32f1xx_it.c **** {
 179              		.loc 1 171 1 view -0
 180              		.cfi_startproc
 181              		@ args = 0, pretend = 0, frame = 0
 182              		@ frame_needed = 0, uses_anonymous_args = 0
 183              		@ link register save eliminated.
 172:Src/stm32f1xx_it.c ****   /* USER CODE BEGIN PendSV_IRQn 0 */
 173:Src/stm32f1xx_it.c **** 
 174:Src/stm32f1xx_it.c ****   /* USER CODE END PendSV_IRQn 0 */
ARM GAS  C:\Users\tianx\AppData\Local\Temp\ccL08p8k.s 			page 7


 175:Src/stm32f1xx_it.c ****   /* USER CODE BEGIN PendSV_IRQn 1 */
 176:Src/stm32f1xx_it.c **** 
 177:Src/stm32f1xx_it.c ****   /* USER CODE END PendSV_IRQn 1 */
 178:Src/stm32f1xx_it.c **** }
 184              		.loc 1 178 1 view .LVU19
 185 0000 7047     		bx	lr
 186              		.cfi_endproc
 187              	.LFE117:
 189              		.section	.text.SysTick_Handler,"ax",%progbits
 190              		.align	1
 191              		.global	SysTick_Handler
 192              		.syntax unified
 193              		.thumb
 194              		.thumb_func
 195              		.fpu softvfp
 197              	SysTick_Handler:
 198              	.LFB118:
 179:Src/stm32f1xx_it.c **** 
 180:Src/stm32f1xx_it.c **** /**
 181:Src/stm32f1xx_it.c ****   * @brief This function handles System tick timer.
 182:Src/stm32f1xx_it.c ****   */
 183:Src/stm32f1xx_it.c **** void SysTick_Handler(void)
 184:Src/stm32f1xx_it.c **** {
 199              		.loc 1 184 1 view -0
 200              		.cfi_startproc
 201              		@ args = 0, pretend = 0, frame = 0
 202              		@ frame_needed = 0, uses_anonymous_args = 0
 203 0000 08B5     		push	{r3, lr}
 204              	.LCFI0:
 205              		.cfi_def_cfa_offset 8
 206              		.cfi_offset 3, -8
 207              		.cfi_offset 14, -4
 185:Src/stm32f1xx_it.c ****   /* USER CODE BEGIN SysTick_IRQn 0 */
 186:Src/stm32f1xx_it.c **** 
 187:Src/stm32f1xx_it.c ****   /* USER CODE END SysTick_IRQn 0 */
 188:Src/stm32f1xx_it.c ****   HAL_IncTick();
 208              		.loc 1 188 3 view .LVU21
 209 0002 FFF7FEFF 		bl	HAL_IncTick
 210              	.LVL0:
 189:Src/stm32f1xx_it.c ****   /* USER CODE BEGIN SysTick_IRQn 1 */
 190:Src/stm32f1xx_it.c ****     if (tos_knl_is_running()) {
 211              		.loc 1 190 5 view .LVU22
 212              		.loc 1 190 9 is_stmt 0 view .LVU23
 213 0006 FFF7FEFF 		bl	tos_knl_is_running
 214              	.LVL1:
 215              		.loc 1 190 8 view .LVU24
 216 000a 00B9     		cbnz	r0, .L16
 217              	.L13:
 191:Src/stm32f1xx_it.c ****         tos_knl_irq_enter();
 192:Src/stm32f1xx_it.c ****         tos_tick_handler();
 193:Src/stm32f1xx_it.c ****         tos_knl_irq_leave();
 194:Src/stm32f1xx_it.c ****     }
 195:Src/stm32f1xx_it.c ****   /* USER CODE END SysTick_IRQn 1 */
 196:Src/stm32f1xx_it.c **** }
 218              		.loc 1 196 1 view .LVU25
 219 000c 08BD     		pop	{r3, pc}
 220              	.L16:
ARM GAS  C:\Users\tianx\AppData\Local\Temp\ccL08p8k.s 			page 8


 191:Src/stm32f1xx_it.c ****         tos_knl_irq_enter();
 221              		.loc 1 191 9 is_stmt 1 view .LVU26
 222 000e FFF7FEFF 		bl	tos_knl_irq_enter
 223              	.LVL2:
 192:Src/stm32f1xx_it.c ****         tos_knl_irq_leave();
 224              		.loc 1 192 9 view .LVU27
 225 0012 FFF7FEFF 		bl	tos_tick_handler
 226              	.LVL3:
 193:Src/stm32f1xx_it.c ****     }
 227              		.loc 1 193 9 view .LVU28
 228 0016 FFF7FEFF 		bl	tos_knl_irq_leave
 229              	.LVL4:
 230              		.loc 1 196 1 is_stmt 0 view .LVU29
 231 001a F7E7     		b	.L13
 232              		.cfi_endproc
 233              	.LFE118:
 235              		.section	.text.USART1_IRQHandler,"ax",%progbits
 236              		.align	1
 237              		.global	USART1_IRQHandler
 238              		.syntax unified
 239              		.thumb
 240              		.thumb_func
 241              		.fpu softvfp
 243              	USART1_IRQHandler:
 244              	.LFB119:
 197:Src/stm32f1xx_it.c **** 
 198:Src/stm32f1xx_it.c **** /******************************************************************************/
 199:Src/stm32f1xx_it.c **** /* STM32F1xx Peripheral Interrupt Handlers                                    */
 200:Src/stm32f1xx_it.c **** /* Add here the Interrupt Handlers for the used peripherals.                  */
 201:Src/stm32f1xx_it.c **** /* For the available peripheral interrupt handler names,                      */
 202:Src/stm32f1xx_it.c **** /* please refer to the startup file (startup_stm32f1xx.s).                    */
 203:Src/stm32f1xx_it.c **** /******************************************************************************/
 204:Src/stm32f1xx_it.c **** 
 205:Src/stm32f1xx_it.c **** /**
 206:Src/stm32f1xx_it.c ****   * @brief This function handles USART1 global interrupt.
 207:Src/stm32f1xx_it.c ****   */
 208:Src/stm32f1xx_it.c **** void USART1_IRQHandler(void)
 209:Src/stm32f1xx_it.c **** {
 245              		.loc 1 209 1 is_stmt 1 view -0
 246              		.cfi_startproc
 247              		@ args = 0, pretend = 0, frame = 0
 248              		@ frame_needed = 0, uses_anonymous_args = 0
 249 0000 08B5     		push	{r3, lr}
 250              	.LCFI1:
 251              		.cfi_def_cfa_offset 8
 252              		.cfi_offset 3, -8
 253              		.cfi_offset 14, -4
 210:Src/stm32f1xx_it.c ****   /* USER CODE BEGIN USART1_IRQn 0 */
 211:Src/stm32f1xx_it.c **** 
 212:Src/stm32f1xx_it.c ****   /* USER CODE END USART1_IRQn 0 */
 213:Src/stm32f1xx_it.c ****   HAL_UART_IRQHandler(&huart1);
 254              		.loc 1 213 3 view .LVU31
 255 0002 0248     		ldr	r0, .L19
 256 0004 FFF7FEFF 		bl	HAL_UART_IRQHandler
 257              	.LVL5:
 214:Src/stm32f1xx_it.c ****   /* USER CODE BEGIN USART1_IRQn 1 */
 215:Src/stm32f1xx_it.c **** 
ARM GAS  C:\Users\tianx\AppData\Local\Temp\ccL08p8k.s 			page 9


 216:Src/stm32f1xx_it.c ****   /* USER CODE END USART1_IRQn 1 */
 217:Src/stm32f1xx_it.c **** }
 258              		.loc 1 217 1 is_stmt 0 view .LVU32
 259 0008 08BD     		pop	{r3, pc}
 260              	.L20:
 261 000a 00BF     		.align	2
 262              	.L19:
 263 000c 00000000 		.word	huart1
 264              		.cfi_endproc
 265              	.LFE119:
 267              		.text
 268              	.Letext0:
 269              		.file 2 "d:\\arm_gcc\\8 2019-q3-update\\arm-none-eabi\\include\\machine\\_default_types.h"
 270              		.file 3 "d:\\arm_gcc\\8 2019-q3-update\\arm-none-eabi\\include\\sys\\_stdint.h"
 271              		.file 4 "Drivers/CMSIS/Include/core_cm3.h"
 272              		.file 5 "Drivers/CMSIS/Device/ST/STM32F1xx/Include/system_stm32f1xx.h"
 273              		.file 6 "Drivers/CMSIS/Device/ST/STM32F1xx/Include/stm32f103xe.h"
 274              		.file 7 "d:\\arm_gcc\\8 2019-q3-update\\lib\\gcc\\arm-none-eabi\\8.3.1\\include\\stddef.h"
 275              		.file 8 "d:\\arm_gcc\\8 2019-q3-update\\arm-none-eabi\\include\\sys\\_types.h"
 276              		.file 9 "d:\\arm_gcc\\8 2019-q3-update\\arm-none-eabi\\include\\sys\\reent.h"
 277              		.file 10 "d:\\arm_gcc\\8 2019-q3-update\\arm-none-eabi\\include\\sys\\lock.h"
 278              		.file 11 "Drivers/STM32F1xx_HAL_Driver/Inc/stm32f1xx_hal_def.h"
 279              		.file 12 "Drivers/STM32F1xx_HAL_Driver/Inc/stm32f1xx_hal_dma.h"
 280              		.file 13 "Drivers/STM32F1xx_HAL_Driver/Inc/stm32f1xx_hal_uart.h"
 281              		.file 14 "Drivers/STM32F1xx_HAL_Driver/Inc/stm32f1xx_hal.h"
 282              		.file 15 "..//kernel/core/include/tos_ktypes.h"
 283              		.file 16 "..//kernel/core/include/tos_task.h"
 284              		.file 17 "d:\\arm_gcc\\8 2019-q3-update\\arm-none-eabi\\include\\stdlib.h"
 285              		.file 18 "..//kernel/core/include/tos_list.h"
 286              		.file 19 "..//kernel/core/include/tos_pend.h"
 287              		.file 20 "..//kernel/core/include/tos_sys.h"
 288              		.file 21 "..//kernel/core/include/tos_timer.h"
 289              		.file 22 "..//kernel/core/include/tos_mmheap.h"
 290              		.file 23 "..//kernel/core/include/tos_sched.h"
 291              		.file 24 "..//kernel/core/include/tos_global.h"
 292              		.file 25 "..//kernel/core/include/tos_tick.h"
ARM GAS  C:\Users\tianx\AppData\Local\Temp\ccL08p8k.s 			page 10


DEFINED SYMBOLS
                            *ABS*:00000000 stm32f1xx_it.c
C:\Users\tianx\AppData\Local\Temp\ccL08p8k.s:16     .text.NMI_Handler:00000000 $t
C:\Users\tianx\AppData\Local\Temp\ccL08p8k.s:24     .text.NMI_Handler:00000000 NMI_Handler
C:\Users\tianx\AppData\Local\Temp\ccL08p8k.s:38     .text.HardFault_Handler:00000000 $t
C:\Users\tianx\AppData\Local\Temp\ccL08p8k.s:45     .text.HardFault_Handler:00000000 HardFault_Handler
C:\Users\tianx\AppData\Local\Temp\ccL08p8k.s:61     .text.MemManage_Handler:00000000 $t
C:\Users\tianx\AppData\Local\Temp\ccL08p8k.s:68     .text.MemManage_Handler:00000000 MemManage_Handler
C:\Users\tianx\AppData\Local\Temp\ccL08p8k.s:84     .text.BusFault_Handler:00000000 $t
C:\Users\tianx\AppData\Local\Temp\ccL08p8k.s:91     .text.BusFault_Handler:00000000 BusFault_Handler
C:\Users\tianx\AppData\Local\Temp\ccL08p8k.s:107    .text.UsageFault_Handler:00000000 $t
C:\Users\tianx\AppData\Local\Temp\ccL08p8k.s:114    .text.UsageFault_Handler:00000000 UsageFault_Handler
C:\Users\tianx\AppData\Local\Temp\ccL08p8k.s:130    .text.SVC_Handler:00000000 $t
C:\Users\tianx\AppData\Local\Temp\ccL08p8k.s:137    .text.SVC_Handler:00000000 SVC_Handler
C:\Users\tianx\AppData\Local\Temp\ccL08p8k.s:150    .text.DebugMon_Handler:00000000 $t
C:\Users\tianx\AppData\Local\Temp\ccL08p8k.s:157    .text.DebugMon_Handler:00000000 DebugMon_Handler
C:\Users\tianx\AppData\Local\Temp\ccL08p8k.s:170    .text.PendSV_Handler:00000000 $t
C:\Users\tianx\AppData\Local\Temp\ccL08p8k.s:177    .text.PendSV_Handler:00000000 PendSV_Handler
C:\Users\tianx\AppData\Local\Temp\ccL08p8k.s:190    .text.SysTick_Handler:00000000 $t
C:\Users\tianx\AppData\Local\Temp\ccL08p8k.s:197    .text.SysTick_Handler:00000000 SysTick_Handler
C:\Users\tianx\AppData\Local\Temp\ccL08p8k.s:236    .text.USART1_IRQHandler:00000000 $t
C:\Users\tianx\AppData\Local\Temp\ccL08p8k.s:243    .text.USART1_IRQHandler:00000000 USART1_IRQHandler
C:\Users\tianx\AppData\Local\Temp\ccL08p8k.s:263    .text.USART1_IRQHandler:0000000c $d

UNDEFINED SYMBOLS
HAL_IncTick
tos_knl_is_running
tos_knl_irq_enter
tos_tick_handler
tos_knl_irq_leave
HAL_UART_IRQHandler
huart1
