ARM GAS  C:\Users\tianx\AppData\Local\Temp\ccE7rzqb.s 			page 1


   1              		.cpu cortex-m3
   2              		.eabi_attribute 20, 1
   3              		.eabi_attribute 21, 1
   4              		.eabi_attribute 23, 3
   5              		.eabi_attribute 24, 1
   6              		.eabi_attribute 25, 1
   7              		.eabi_attribute 26, 1
   8              		.eabi_attribute 30, 1
   9              		.eabi_attribute 34, 1
  10              		.eabi_attribute 18, 4
  11              		.file	"system_stm32f1xx.c"
  12              		.text
  13              	.Ltext0:
  14              		.cfi_sections	.debug_frame
  15              		.section	.text.SystemInit,"ax",%progbits
  16              		.align	1
  17              		.global	SystemInit
  18              		.arch armv7-m
  19              		.syntax unified
  20              		.thumb
  21              		.thumb_func
  22              		.fpu softvfp
  24              	SystemInit:
  25              	.LFB66:
  26              		.file 1 "Src/system_stm32f1xx.c"
   1:Src/system_stm32f1xx.c **** /**
   2:Src/system_stm32f1xx.c ****   ******************************************************************************
   3:Src/system_stm32f1xx.c ****   * @file    system_stm32f1xx.c
   4:Src/system_stm32f1xx.c ****   * @author  MCD Application Team
   5:Src/system_stm32f1xx.c ****   * @version V4.2.0
   6:Src/system_stm32f1xx.c ****   * @date    31-March-2017
   7:Src/system_stm32f1xx.c ****   * @brief   CMSIS Cortex-M3 Device Peripheral Access Layer System Source File.
   8:Src/system_stm32f1xx.c ****   * 
   9:Src/system_stm32f1xx.c ****   * 1.  This file provides two functions and one global variable to be called from 
  10:Src/system_stm32f1xx.c ****   *     user application:
  11:Src/system_stm32f1xx.c ****   *      - SystemInit(): Setups the system clock (System clock source, PLL Multiplier
  12:Src/system_stm32f1xx.c ****   *                      factors, AHB/APBx prescalers and Flash settings). 
  13:Src/system_stm32f1xx.c ****   *                      This function is called at startup just after reset and 
  14:Src/system_stm32f1xx.c ****   *                      before branch to main program. This call is made inside
  15:Src/system_stm32f1xx.c ****   *                      the "startup_stm32f1xx_xx.s" file.
  16:Src/system_stm32f1xx.c ****   *
  17:Src/system_stm32f1xx.c ****   *      - SystemCoreClock variable: Contains the core clock (HCLK), it can be used
  18:Src/system_stm32f1xx.c ****   *                                  by the user application to setup the SysTick 
  19:Src/system_stm32f1xx.c ****   *                                  timer or configure other parameters.
  20:Src/system_stm32f1xx.c ****   *                                     
  21:Src/system_stm32f1xx.c ****   *      - SystemCoreClockUpdate(): Updates the variable SystemCoreClock and must
  22:Src/system_stm32f1xx.c ****   *                                 be called whenever the core clock is changed
  23:Src/system_stm32f1xx.c ****   *                                 during program execution.
  24:Src/system_stm32f1xx.c ****   *
  25:Src/system_stm32f1xx.c ****   * 2. After each device reset the HSI (8 MHz) is used as system clock source.
  26:Src/system_stm32f1xx.c ****   *    Then SystemInit() function is called, in "startup_stm32f1xx_xx.s" file, to
  27:Src/system_stm32f1xx.c ****   *    configure the system clock before to branch to main program.
  28:Src/system_stm32f1xx.c ****   *
  29:Src/system_stm32f1xx.c ****   * 4. The default value of HSE crystal is set to 8 MHz (or 25 MHz, depending on
  30:Src/system_stm32f1xx.c ****   *    the product used), refer to "HSE_VALUE". 
  31:Src/system_stm32f1xx.c ****   *    When HSE is used as system clock source, directly or through PLL, and you
  32:Src/system_stm32f1xx.c ****   *    are using different crystal you have to adapt the HSE value to your own
ARM GAS  C:\Users\tianx\AppData\Local\Temp\ccE7rzqb.s 			page 2


  33:Src/system_stm32f1xx.c ****   *    configuration.
  34:Src/system_stm32f1xx.c ****   *        
  35:Src/system_stm32f1xx.c ****   ******************************************************************************
  36:Src/system_stm32f1xx.c ****   * @attention
  37:Src/system_stm32f1xx.c ****   *
  38:Src/system_stm32f1xx.c ****   * <h2><center>&copy; COPYRIGHT(c) 2017 STMicroelectronics</center></h2>
  39:Src/system_stm32f1xx.c ****   *
  40:Src/system_stm32f1xx.c ****   * Redistribution and use in source and binary forms, with or without modification,
  41:Src/system_stm32f1xx.c ****   * are permitted provided that the following conditions are met:
  42:Src/system_stm32f1xx.c ****   *   1. Redistributions of source code must retain the above copyright notice,
  43:Src/system_stm32f1xx.c ****   *      this list of conditions and the following disclaimer.
  44:Src/system_stm32f1xx.c ****   *   2. Redistributions in binary form must reproduce the above copyright notice,
  45:Src/system_stm32f1xx.c ****   *      this list of conditions and the following disclaimer in the documentation
  46:Src/system_stm32f1xx.c ****   *      and/or other materials provided with the distribution.
  47:Src/system_stm32f1xx.c ****   *   3. Neither the name of STMicroelectronics nor the names of its contributors
  48:Src/system_stm32f1xx.c ****   *      may be used to endorse or promote products derived from this software
  49:Src/system_stm32f1xx.c ****   *      without specific prior written permission.
  50:Src/system_stm32f1xx.c ****   *
  51:Src/system_stm32f1xx.c ****   * THIS SOFTWARE IS PROVIDED BY THE COPYRIGHT HOLDERS AND CONTRIBUTORS "AS IS"
  52:Src/system_stm32f1xx.c ****   * AND ANY EXPRESS OR IMPLIED WARRANTIES, INCLUDING, BUT NOT LIMITED TO, THE
  53:Src/system_stm32f1xx.c ****   * IMPLIED WARRANTIES OF MERCHANTABILITY AND FITNESS FOR A PARTICULAR PURPOSE ARE
  54:Src/system_stm32f1xx.c ****   * DISCLAIMED. IN NO EVENT SHALL THE COPYRIGHT HOLDER OR CONTRIBUTORS BE LIABLE
  55:Src/system_stm32f1xx.c ****   * FOR ANY DIRECT, INDIRECT, INCIDENTAL, SPECIAL, EXEMPLARY, OR CONSEQUENTIAL
  56:Src/system_stm32f1xx.c ****   * DAMAGES (INCLUDING, BUT NOT LIMITED TO, PROCUREMENT OF SUBSTITUTE GOODS OR
  57:Src/system_stm32f1xx.c ****   * SERVICES; LOSS OF USE, DATA, OR PROFITS; OR BUSINESS INTERRUPTION) HOWEVER
  58:Src/system_stm32f1xx.c ****   * CAUSED AND ON ANY THEORY OF LIABILITY, WHETHER IN CONTRACT, STRICT LIABILITY,
  59:Src/system_stm32f1xx.c ****   * OR TORT (INCLUDING NEGLIGENCE OR OTHERWISE) ARISING IN ANY WAY OUT OF THE USE
  60:Src/system_stm32f1xx.c ****   * OF THIS SOFTWARE, EVEN IF ADVISED OF THE POSSIBILITY OF SUCH DAMAGE.
  61:Src/system_stm32f1xx.c ****   *
  62:Src/system_stm32f1xx.c ****   ******************************************************************************
  63:Src/system_stm32f1xx.c ****   */
  64:Src/system_stm32f1xx.c **** 
  65:Src/system_stm32f1xx.c **** /** @addtogroup CMSIS
  66:Src/system_stm32f1xx.c ****   * @{
  67:Src/system_stm32f1xx.c ****   */
  68:Src/system_stm32f1xx.c **** 
  69:Src/system_stm32f1xx.c **** /** @addtogroup stm32f1xx_system
  70:Src/system_stm32f1xx.c ****   * @{
  71:Src/system_stm32f1xx.c ****   */
  72:Src/system_stm32f1xx.c **** 
  73:Src/system_stm32f1xx.c **** /** @addtogroup STM32F1xx_System_Private_Includes
  74:Src/system_stm32f1xx.c ****   * @{
  75:Src/system_stm32f1xx.c ****   */
  76:Src/system_stm32f1xx.c **** 
  77:Src/system_stm32f1xx.c **** #include "stm32f1xx.h"
  78:Src/system_stm32f1xx.c **** 
  79:Src/system_stm32f1xx.c **** /**
  80:Src/system_stm32f1xx.c ****   * @}
  81:Src/system_stm32f1xx.c ****   */
  82:Src/system_stm32f1xx.c **** 
  83:Src/system_stm32f1xx.c **** /** @addtogroup STM32F1xx_System_Private_TypesDefinitions
  84:Src/system_stm32f1xx.c ****   * @{
  85:Src/system_stm32f1xx.c ****   */
  86:Src/system_stm32f1xx.c **** 
  87:Src/system_stm32f1xx.c **** /**
  88:Src/system_stm32f1xx.c ****   * @}
  89:Src/system_stm32f1xx.c ****   */
ARM GAS  C:\Users\tianx\AppData\Local\Temp\ccE7rzqb.s 			page 3


  90:Src/system_stm32f1xx.c **** 
  91:Src/system_stm32f1xx.c **** /** @addtogroup STM32F1xx_System_Private_Defines
  92:Src/system_stm32f1xx.c ****   * @{
  93:Src/system_stm32f1xx.c ****   */
  94:Src/system_stm32f1xx.c **** 
  95:Src/system_stm32f1xx.c **** #if !defined(HSE_VALUE)
  96:Src/system_stm32f1xx.c **** #define HSE_VALUE 8000000U /*!< Default value of the External oscillator in Hz. \
  97:Src/system_stm32f1xx.c ****                                 This value can be provided and adapted by the user application. */
  98:Src/system_stm32f1xx.c **** #endif                     /* HSE_VALUE */
  99:Src/system_stm32f1xx.c **** 
 100:Src/system_stm32f1xx.c **** #if !defined(HSI_VALUE)
 101:Src/system_stm32f1xx.c **** #define HSI_VALUE 8000000U /*!< Default value of the Internal oscillator in Hz. \
 102:Src/system_stm32f1xx.c ****                                 This value can be provided and adapted by the user application. */
 103:Src/system_stm32f1xx.c **** #endif                     /* HSI_VALUE */
 104:Src/system_stm32f1xx.c **** 
 105:Src/system_stm32f1xx.c **** /*!< Uncomment the following line if you need to use external SRAM  */
 106:Src/system_stm32f1xx.c **** #if defined(STM32F100xE) || defined(STM32F101xE) || defined(STM32F101xG) || defined(STM32F103xE) ||
 107:Src/system_stm32f1xx.c **** /* #define DATA_IN_ExtSRAM */
 108:Src/system_stm32f1xx.c **** #endif /* STM32F100xE || STM32F101xE || STM32F101xG || STM32F103xE || STM32F103xG */
 109:Src/system_stm32f1xx.c **** 
 110:Src/system_stm32f1xx.c **** /*!< Uncomment the following line if you need to relocate your vector Table in
 111:Src/system_stm32f1xx.c ****      Internal SRAM. */
 112:Src/system_stm32f1xx.c **** /* #define VECT_TAB_SRAM */
 113:Src/system_stm32f1xx.c **** #define VECT_TAB_OFFSET 0x00000000U /*!< Vector Table base offset field. \
 114:Src/system_stm32f1xx.c ****                                  This value must be a multiple of 0x200. */
 115:Src/system_stm32f1xx.c **** 
 116:Src/system_stm32f1xx.c **** /**
 117:Src/system_stm32f1xx.c ****   * @}
 118:Src/system_stm32f1xx.c ****   */
 119:Src/system_stm32f1xx.c **** 
 120:Src/system_stm32f1xx.c **** /** @addtogroup STM32F1xx_System_Private_Macros
 121:Src/system_stm32f1xx.c ****   * @{
 122:Src/system_stm32f1xx.c ****   */
 123:Src/system_stm32f1xx.c **** 
 124:Src/system_stm32f1xx.c **** /**
 125:Src/system_stm32f1xx.c ****   * @}
 126:Src/system_stm32f1xx.c ****   */
 127:Src/system_stm32f1xx.c **** 
 128:Src/system_stm32f1xx.c **** /** @addtogroup STM32F1xx_System_Private_Variables
 129:Src/system_stm32f1xx.c ****   * @{
 130:Src/system_stm32f1xx.c ****   */
 131:Src/system_stm32f1xx.c **** 
 132:Src/system_stm32f1xx.c **** /*******************************************************************************
 133:Src/system_stm32f1xx.c **** *  Clock Definitions
 134:Src/system_stm32f1xx.c **** *******************************************************************************/
 135:Src/system_stm32f1xx.c **** #if defined(STM32F100xB) || defined(STM32F100xE)
 136:Src/system_stm32f1xx.c **** uint32_t SystemCoreClock = 24000000U; /*!< System Clock Frequency (Core Clock) */
 137:Src/system_stm32f1xx.c **** #else                                 /*!< HSI Selected as System Clock source */
 138:Src/system_stm32f1xx.c **** uint32_t SystemCoreClock = 72000000U; /*!< System Clock Frequency (Core Clock) */
 139:Src/system_stm32f1xx.c **** #endif
 140:Src/system_stm32f1xx.c **** 
 141:Src/system_stm32f1xx.c **** const uint8_t AHBPrescTable[16U] = {0, 0, 0, 0, 0, 0, 0, 0, 1, 2, 3, 4, 6, 7, 8, 9};
 142:Src/system_stm32f1xx.c **** const uint8_t APBPrescTable[8U] = {0, 0, 0, 0, 1, 2, 3, 4};
 143:Src/system_stm32f1xx.c **** 
 144:Src/system_stm32f1xx.c **** /**
 145:Src/system_stm32f1xx.c ****   * @}
 146:Src/system_stm32f1xx.c ****   */
ARM GAS  C:\Users\tianx\AppData\Local\Temp\ccE7rzqb.s 			page 4


 147:Src/system_stm32f1xx.c **** 
 148:Src/system_stm32f1xx.c **** /** @addtogroup STM32F1xx_System_Private_FunctionPrototypes
 149:Src/system_stm32f1xx.c ****   * @{
 150:Src/system_stm32f1xx.c ****   */
 151:Src/system_stm32f1xx.c **** 
 152:Src/system_stm32f1xx.c **** #if defined(STM32F100xE) || defined(STM32F101xE) || defined(STM32F101xG) || defined(STM32F103xE) ||
 153:Src/system_stm32f1xx.c **** #ifdef DATA_IN_ExtSRAM
 154:Src/system_stm32f1xx.c **** static void SystemInit_ExtMemCtl(void);
 155:Src/system_stm32f1xx.c **** #endif /* DATA_IN_ExtSRAM */
 156:Src/system_stm32f1xx.c **** #endif /* STM32F100xE || STM32F101xE || STM32F101xG || STM32F103xE || STM32F103xG */
 157:Src/system_stm32f1xx.c **** 
 158:Src/system_stm32f1xx.c **** /**
 159:Src/system_stm32f1xx.c ****   * @}
 160:Src/system_stm32f1xx.c ****   */
 161:Src/system_stm32f1xx.c **** 
 162:Src/system_stm32f1xx.c **** /** @addtogroup STM32F1xx_System_Private_Functions
 163:Src/system_stm32f1xx.c ****   * @{
 164:Src/system_stm32f1xx.c ****   */
 165:Src/system_stm32f1xx.c **** 
 166:Src/system_stm32f1xx.c **** /**
 167:Src/system_stm32f1xx.c ****   * @brief  Setup the microcontroller system
 168:Src/system_stm32f1xx.c ****   *         Initialize the Embedded Flash Interface, the PLL and update the 
 169:Src/system_stm32f1xx.c ****   *         SystemCoreClock variable.
 170:Src/system_stm32f1xx.c ****   * @note   This function should be used only after reset.
 171:Src/system_stm32f1xx.c ****   * @param  None
 172:Src/system_stm32f1xx.c ****   * @retval None
 173:Src/system_stm32f1xx.c ****   */
 174:Src/system_stm32f1xx.c **** void SystemInit(void)
 175:Src/system_stm32f1xx.c **** {
  27              		.loc 1 175 1 view -0
  28              		.cfi_startproc
  29              		@ args = 0, pretend = 0, frame = 0
  30              		@ frame_needed = 0, uses_anonymous_args = 0
  31              		@ link register save eliminated.
 176:Src/system_stm32f1xx.c ****     /* Reset the RCC clock configuration to the default reset state(for debug purpose) */
 177:Src/system_stm32f1xx.c ****     /* Set HSION bit */
 178:Src/system_stm32f1xx.c ****     RCC->CR |= 0x00000001U;
  32              		.loc 1 178 5 view .LVU1
  33              		.loc 1 178 13 is_stmt 0 view .LVU2
  34 0000 0F4B     		ldr	r3, .L2
  35 0002 1A68     		ldr	r2, [r3]
  36 0004 42F00102 		orr	r2, r2, #1
  37 0008 1A60     		str	r2, [r3]
 179:Src/system_stm32f1xx.c **** 
 180:Src/system_stm32f1xx.c ****     /* Reset SW, HPRE, PPRE1, PPRE2, ADCPRE and MCO bits */
 181:Src/system_stm32f1xx.c **** #if !defined(STM32F105xC) && !defined(STM32F107xC)
 182:Src/system_stm32f1xx.c ****     RCC->CFGR &= 0xF8FF0000U;
  38              		.loc 1 182 5 is_stmt 1 view .LVU3
  39              		.loc 1 182 15 is_stmt 0 view .LVU4
  40 000a 5968     		ldr	r1, [r3, #4]
  41 000c 0D4A     		ldr	r2, .L2+4
  42 000e 0A40     		ands	r2, r2, r1
  43 0010 5A60     		str	r2, [r3, #4]
 183:Src/system_stm32f1xx.c **** #else
 184:Src/system_stm32f1xx.c ****     RCC->CFGR &= 0xF0FF0000U;
 185:Src/system_stm32f1xx.c **** #endif /* STM32F105xC */
 186:Src/system_stm32f1xx.c **** 
ARM GAS  C:\Users\tianx\AppData\Local\Temp\ccE7rzqb.s 			page 5


 187:Src/system_stm32f1xx.c ****     /* Reset HSEON, CSSON and PLLON bits */
 188:Src/system_stm32f1xx.c ****     RCC->CR &= 0xFEF6FFFFU;
  44              		.loc 1 188 5 is_stmt 1 view .LVU5
  45              		.loc 1 188 13 is_stmt 0 view .LVU6
  46 0012 1A68     		ldr	r2, [r3]
  47 0014 22F08472 		bic	r2, r2, #17301504
  48 0018 22F48032 		bic	r2, r2, #65536
  49 001c 1A60     		str	r2, [r3]
 189:Src/system_stm32f1xx.c **** 
 190:Src/system_stm32f1xx.c ****     /* Reset HSEBYP bit */
 191:Src/system_stm32f1xx.c ****     RCC->CR &= 0xFFFBFFFFU;
  50              		.loc 1 191 5 is_stmt 1 view .LVU7
  51              		.loc 1 191 13 is_stmt 0 view .LVU8
  52 001e 1A68     		ldr	r2, [r3]
  53 0020 22F48022 		bic	r2, r2, #262144
  54 0024 1A60     		str	r2, [r3]
 192:Src/system_stm32f1xx.c **** 
 193:Src/system_stm32f1xx.c ****     /* Reset PLLSRC, PLLXTPRE, PLLMUL and USBPRE/OTGFSPRE bits */
 194:Src/system_stm32f1xx.c ****     RCC->CFGR &= 0xFF80FFFFU;
  55              		.loc 1 194 5 is_stmt 1 view .LVU9
  56              		.loc 1 194 15 is_stmt 0 view .LVU10
  57 0026 5A68     		ldr	r2, [r3, #4]
  58 0028 22F4FE02 		bic	r2, r2, #8323072
  59 002c 5A60     		str	r2, [r3, #4]
 195:Src/system_stm32f1xx.c **** 
 196:Src/system_stm32f1xx.c **** #if defined(STM32F105xC) || defined(STM32F107xC)
 197:Src/system_stm32f1xx.c ****     /* Reset PLL2ON and PLL3ON bits */
 198:Src/system_stm32f1xx.c ****     RCC->CR &= 0xEBFFFFFFU;
 199:Src/system_stm32f1xx.c **** 
 200:Src/system_stm32f1xx.c ****     /* Disable all interrupts and clear pending bits  */
 201:Src/system_stm32f1xx.c ****     RCC->CIR = 0x00FF0000U;
 202:Src/system_stm32f1xx.c **** 
 203:Src/system_stm32f1xx.c ****     /* Reset CFGR2 register */
 204:Src/system_stm32f1xx.c ****     RCC->CFGR2 = 0x00000000U;
 205:Src/system_stm32f1xx.c **** #elif defined(STM32F100xB) || defined(STM32F100xE)
 206:Src/system_stm32f1xx.c ****     /* Disable all interrupts and clear pending bits  */
 207:Src/system_stm32f1xx.c ****     RCC->CIR = 0x009F0000U;
 208:Src/system_stm32f1xx.c **** 
 209:Src/system_stm32f1xx.c ****     /* Reset CFGR2 register */
 210:Src/system_stm32f1xx.c ****     RCC->CFGR2 = 0x00000000U;
 211:Src/system_stm32f1xx.c **** #else
 212:Src/system_stm32f1xx.c ****     /* Disable all interrupts and clear pending bits  */
 213:Src/system_stm32f1xx.c ****     RCC->CIR = 0x009F0000U;
  60              		.loc 1 213 5 is_stmt 1 view .LVU11
  61              		.loc 1 213 14 is_stmt 0 view .LVU12
  62 002e 4FF41F02 		mov	r2, #10420224
  63 0032 9A60     		str	r2, [r3, #8]
 214:Src/system_stm32f1xx.c **** #endif /* STM32F105xC */
 215:Src/system_stm32f1xx.c **** 
 216:Src/system_stm32f1xx.c **** #if defined(STM32F100xE) || defined(STM32F101xE) || defined(STM32F101xG) || defined(STM32F103xE) ||
 217:Src/system_stm32f1xx.c **** #ifdef DATA_IN_ExtSRAM
 218:Src/system_stm32f1xx.c ****     SystemInit_ExtMemCtl();
 219:Src/system_stm32f1xx.c **** #endif /* DATA_IN_ExtSRAM */
 220:Src/system_stm32f1xx.c **** #endif
 221:Src/system_stm32f1xx.c **** 
 222:Src/system_stm32f1xx.c **** #ifdef VECT_TAB_SRAM
 223:Src/system_stm32f1xx.c ****     SCB->VTOR = SRAM_BASE | VECT_TAB_OFFSET; /* Vector Table Relocation in Internal SRAM. */
ARM GAS  C:\Users\tianx\AppData\Local\Temp\ccE7rzqb.s 			page 6


 224:Src/system_stm32f1xx.c **** #else
 225:Src/system_stm32f1xx.c ****     SCB->VTOR = FLASH_BASE | VECT_TAB_OFFSET; /* Vector Table Relocation in Internal FLASH. */
  64              		.loc 1 225 5 is_stmt 1 view .LVU13
  65              		.loc 1 225 15 is_stmt 0 view .LVU14
  66 0034 044B     		ldr	r3, .L2+8
  67 0036 4FF00062 		mov	r2, #134217728
  68 003a 9A60     		str	r2, [r3, #8]
 226:Src/system_stm32f1xx.c **** #endif
 227:Src/system_stm32f1xx.c **** }
  69              		.loc 1 227 1 view .LVU15
  70 003c 7047     		bx	lr
  71              	.L3:
  72 003e 00BF     		.align	2
  73              	.L2:
  74 0040 00100240 		.word	1073876992
  75 0044 0000FFF8 		.word	-117506048
  76 0048 00ED00E0 		.word	-536810240
  77              		.cfi_endproc
  78              	.LFE66:
  80              		.section	.text.SystemCoreClockUpdate,"ax",%progbits
  81              		.align	1
  82              		.global	SystemCoreClockUpdate
  83              		.syntax unified
  84              		.thumb
  85              		.thumb_func
  86              		.fpu softvfp
  88              	SystemCoreClockUpdate:
  89              	.LFB67:
 228:Src/system_stm32f1xx.c **** 
 229:Src/system_stm32f1xx.c **** /**
 230:Src/system_stm32f1xx.c ****   * @brief  Update SystemCoreClock variable according to Clock Register Values.
 231:Src/system_stm32f1xx.c ****   *         The SystemCoreClock variable contains the core clock (HCLK), it can
 232:Src/system_stm32f1xx.c ****   *         be used by the user application to setup the SysTick timer or configure
 233:Src/system_stm32f1xx.c ****   *         other parameters.
 234:Src/system_stm32f1xx.c ****   *           
 235:Src/system_stm32f1xx.c ****   * @note   Each time the core clock (HCLK) changes, this function must be called
 236:Src/system_stm32f1xx.c ****   *         to update SystemCoreClock variable value. Otherwise, any configuration
 237:Src/system_stm32f1xx.c ****   *         based on this variable will be incorrect.         
 238:Src/system_stm32f1xx.c ****   *     
 239:Src/system_stm32f1xx.c ****   * @note   - The system frequency computed by this function is not the real 
 240:Src/system_stm32f1xx.c ****   *           frequency in the chip. It is calculated based on the predefined 
 241:Src/system_stm32f1xx.c ****   *           constant and the selected clock source:
 242:Src/system_stm32f1xx.c ****   *             
 243:Src/system_stm32f1xx.c ****   *           - If SYSCLK source is HSI, SystemCoreClock will contain the HSI_VALUE(*)
 244:Src/system_stm32f1xx.c ****   *                                              
 245:Src/system_stm32f1xx.c ****   *           - If SYSCLK source is HSE, SystemCoreClock will contain the HSE_VALUE(**)
 246:Src/system_stm32f1xx.c ****   *                          
 247:Src/system_stm32f1xx.c ****   *           - If SYSCLK source is PLL, SystemCoreClock will contain the HSE_VALUE(**) 
 248:Src/system_stm32f1xx.c ****   *             or HSI_VALUE(*) multiplied by the PLL factors.
 249:Src/system_stm32f1xx.c ****   *         
 250:Src/system_stm32f1xx.c ****   *         (*) HSI_VALUE is a constant defined in stm32f1xx.h file (default value
 251:Src/system_stm32f1xx.c ****   *             8 MHz) but the real value may vary depending on the variations
 252:Src/system_stm32f1xx.c ****   *             in voltage and temperature.   
 253:Src/system_stm32f1xx.c ****   *    
 254:Src/system_stm32f1xx.c ****   *         (**) HSE_VALUE is a constant defined in stm32f1xx.h file (default value
 255:Src/system_stm32f1xx.c ****   *              8 MHz or 25 MHz, depending on the product used), user has to ensure
 256:Src/system_stm32f1xx.c ****   *              that HSE_VALUE is same as the real frequency of the crystal used.
ARM GAS  C:\Users\tianx\AppData\Local\Temp\ccE7rzqb.s 			page 7


 257:Src/system_stm32f1xx.c ****   *              Otherwise, this function may have wrong result.
 258:Src/system_stm32f1xx.c ****   *                
 259:Src/system_stm32f1xx.c ****   *         - The result of this function could be not correct when using fractional
 260:Src/system_stm32f1xx.c ****   *           value for HSE crystal.
 261:Src/system_stm32f1xx.c ****   * @param  None
 262:Src/system_stm32f1xx.c ****   * @retval None
 263:Src/system_stm32f1xx.c ****   */
 264:Src/system_stm32f1xx.c **** void SystemCoreClockUpdate(void)
 265:Src/system_stm32f1xx.c **** {
  90              		.loc 1 265 1 is_stmt 1 view -0
  91              		.cfi_startproc
  92              		@ args = 0, pretend = 0, frame = 0
  93              		@ frame_needed = 0, uses_anonymous_args = 0
  94              		@ link register save eliminated.
 266:Src/system_stm32f1xx.c ****     uint32_t tmp = 0U, pllmull = 0U, pllsource = 0U;
  95              		.loc 1 266 5 view .LVU17
  96              	.LVL0:
 267:Src/system_stm32f1xx.c **** 
 268:Src/system_stm32f1xx.c **** #if defined(STM32F105xC) || defined(STM32F107xC)
 269:Src/system_stm32f1xx.c ****     uint32_t prediv1source = 0U, prediv1factor = 0U, prediv2factor = 0U, pll2mull = 0U;
 270:Src/system_stm32f1xx.c **** #endif /* STM32F105xC */
 271:Src/system_stm32f1xx.c **** 
 272:Src/system_stm32f1xx.c **** #if defined(STM32F100xB) || defined(STM32F100xE)
 273:Src/system_stm32f1xx.c ****     uint32_t prediv1factor = 0U;
 274:Src/system_stm32f1xx.c **** #endif /* STM32F100xB or STM32F100xE */
 275:Src/system_stm32f1xx.c **** 
 276:Src/system_stm32f1xx.c ****     /* Get SYSCLK source -------------------------------------------------------*/
 277:Src/system_stm32f1xx.c ****     tmp = RCC->CFGR & RCC_CFGR_SWS;
  97              		.loc 1 277 5 view .LVU18
  98              		.loc 1 277 14 is_stmt 0 view .LVU19
  99 0000 1F4B     		ldr	r3, .L12
 100 0002 5B68     		ldr	r3, [r3, #4]
 101              		.loc 1 277 9 view .LVU20
 102 0004 03F00C03 		and	r3, r3, #12
 103              	.LVL1:
 278:Src/system_stm32f1xx.c **** 
 279:Src/system_stm32f1xx.c ****     switch (tmp)
 104              		.loc 1 279 5 is_stmt 1 view .LVU21
 105 0008 042B     		cmp	r3, #4
 106 000a 14D0     		beq	.L5
 107 000c 082B     		cmp	r3, #8
 108 000e 16D0     		beq	.L6
 109 0010 1BB1     		cbz	r3, .L11
 280:Src/system_stm32f1xx.c ****     {
 281:Src/system_stm32f1xx.c ****     case 0x00U: /* HSI used as system clock */
 282:Src/system_stm32f1xx.c ****         SystemCoreClock = HSI_VALUE;
 283:Src/system_stm32f1xx.c ****         break;
 284:Src/system_stm32f1xx.c ****     case 0x04U: /* HSE used as system clock */
 285:Src/system_stm32f1xx.c ****         SystemCoreClock = HSE_VALUE;
 286:Src/system_stm32f1xx.c ****         break;
 287:Src/system_stm32f1xx.c ****     case 0x08U: /* PLL used as system clock */
 288:Src/system_stm32f1xx.c **** 
 289:Src/system_stm32f1xx.c ****         /* Get PLL clock source and multiplication factor ----------------------*/
 290:Src/system_stm32f1xx.c ****         pllmull = RCC->CFGR & RCC_CFGR_PLLMULL;
 291:Src/system_stm32f1xx.c ****         pllsource = RCC->CFGR & RCC_CFGR_PLLSRC;
 292:Src/system_stm32f1xx.c **** 
 293:Src/system_stm32f1xx.c **** #if !defined(STM32F105xC) && !defined(STM32F107xC)
ARM GAS  C:\Users\tianx\AppData\Local\Temp\ccE7rzqb.s 			page 8


 294:Src/system_stm32f1xx.c ****         pllmull = (pllmull >> 18U) + 2U;
 295:Src/system_stm32f1xx.c **** 
 296:Src/system_stm32f1xx.c ****         if (pllsource == 0x00U)
 297:Src/system_stm32f1xx.c ****         {
 298:Src/system_stm32f1xx.c ****             /* HSI oscillator clock divided by 2 selected as PLL clock entry */
 299:Src/system_stm32f1xx.c ****             SystemCoreClock = (HSI_VALUE >> 1U) * pllmull;
 300:Src/system_stm32f1xx.c ****         }
 301:Src/system_stm32f1xx.c ****         else
 302:Src/system_stm32f1xx.c ****         {
 303:Src/system_stm32f1xx.c **** #if defined(STM32F100xB) || defined(STM32F100xE)
 304:Src/system_stm32f1xx.c ****             prediv1factor = (RCC->CFGR2 & RCC_CFGR2_PREDIV1) + 1U;
 305:Src/system_stm32f1xx.c ****             /* HSE oscillator clock selected as PREDIV1 clock entry */
 306:Src/system_stm32f1xx.c ****             SystemCoreClock = (HSE_VALUE / prediv1factor) * pllmull;
 307:Src/system_stm32f1xx.c **** #else
 308:Src/system_stm32f1xx.c ****             /* HSE selected as PLL clock entry */
 309:Src/system_stm32f1xx.c ****             if ((RCC->CFGR & RCC_CFGR_PLLXTPRE) != (uint32_t)RESET)
 310:Src/system_stm32f1xx.c ****             { /* HSE oscillator clock divided by 2 */
 311:Src/system_stm32f1xx.c ****                 SystemCoreClock = (HSE_VALUE >> 1U) * pllmull;
 312:Src/system_stm32f1xx.c ****             }
 313:Src/system_stm32f1xx.c ****             else
 314:Src/system_stm32f1xx.c ****             {
 315:Src/system_stm32f1xx.c ****                 SystemCoreClock = HSE_VALUE * pllmull;
 316:Src/system_stm32f1xx.c ****             }
 317:Src/system_stm32f1xx.c **** #endif
 318:Src/system_stm32f1xx.c ****         }
 319:Src/system_stm32f1xx.c **** #else
 320:Src/system_stm32f1xx.c ****         pllmull = pllmull >> 18U;
 321:Src/system_stm32f1xx.c **** 
 322:Src/system_stm32f1xx.c ****         if (pllmull != 0x0DU)
 323:Src/system_stm32f1xx.c ****         {
 324:Src/system_stm32f1xx.c ****             pllmull += 2U;
 325:Src/system_stm32f1xx.c ****         }
 326:Src/system_stm32f1xx.c ****         else
 327:Src/system_stm32f1xx.c ****         { /* PLL multiplication factor = PLL input clock * 6.5 */
 328:Src/system_stm32f1xx.c ****             pllmull = 13U / 2U;
 329:Src/system_stm32f1xx.c ****         }
 330:Src/system_stm32f1xx.c **** 
 331:Src/system_stm32f1xx.c ****         if (pllsource == 0x00U)
 332:Src/system_stm32f1xx.c ****         {
 333:Src/system_stm32f1xx.c ****             /* HSI oscillator clock divided by 2 selected as PLL clock entry */
 334:Src/system_stm32f1xx.c ****             SystemCoreClock = (HSI_VALUE >> 1U) * pllmull;
 335:Src/system_stm32f1xx.c ****         }
 336:Src/system_stm32f1xx.c ****         else
 337:Src/system_stm32f1xx.c ****         { /* PREDIV1 selected as PLL clock entry */
 338:Src/system_stm32f1xx.c **** 
 339:Src/system_stm32f1xx.c ****             /* Get PREDIV1 clock source and division factor */
 340:Src/system_stm32f1xx.c ****             prediv1source = RCC->CFGR2 & RCC_CFGR2_PREDIV1SRC;
 341:Src/system_stm32f1xx.c ****             prediv1factor = (RCC->CFGR2 & RCC_CFGR2_PREDIV1) + 1U;
 342:Src/system_stm32f1xx.c **** 
 343:Src/system_stm32f1xx.c ****             if (prediv1source == 0U)
 344:Src/system_stm32f1xx.c ****             {
 345:Src/system_stm32f1xx.c ****                 /* HSE oscillator clock selected as PREDIV1 clock entry */
 346:Src/system_stm32f1xx.c ****                 SystemCoreClock = (HSE_VALUE / prediv1factor) * pllmull;
 347:Src/system_stm32f1xx.c ****             }
 348:Src/system_stm32f1xx.c ****             else
 349:Src/system_stm32f1xx.c ****             { /* PLL2 clock selected as PREDIV1 clock entry */
 350:Src/system_stm32f1xx.c **** 
ARM GAS  C:\Users\tianx\AppData\Local\Temp\ccE7rzqb.s 			page 9


 351:Src/system_stm32f1xx.c ****                 /* Get PREDIV2 division factor and PLL2 multiplication factor */
 352:Src/system_stm32f1xx.c ****                 prediv2factor = ((RCC->CFGR2 & RCC_CFGR2_PREDIV2) >> 4U) + 1U;
 353:Src/system_stm32f1xx.c ****                 pll2mull = ((RCC->CFGR2 & RCC_CFGR2_PLL2MUL) >> 8U) + 2U;
 354:Src/system_stm32f1xx.c ****                 SystemCoreClock = (((HSE_VALUE / prediv2factor) * pll2mull) / prediv1factor) * pllm
 355:Src/system_stm32f1xx.c ****             }
 356:Src/system_stm32f1xx.c ****         }
 357:Src/system_stm32f1xx.c **** #endif /* STM32F105xC */
 358:Src/system_stm32f1xx.c ****         break;
 359:Src/system_stm32f1xx.c **** 
 360:Src/system_stm32f1xx.c ****     default:
 361:Src/system_stm32f1xx.c ****         SystemCoreClock = HSI_VALUE;
 110              		.loc 1 361 9 view .LVU22
 111              		.loc 1 361 25 is_stmt 0 view .LVU23
 112 0012 1C4B     		ldr	r3, .L12+4
 113              	.LVL2:
 114              		.loc 1 361 25 view .LVU24
 115 0014 1C4A     		ldr	r2, .L12+8
 116 0016 1A60     		str	r2, [r3]
 362:Src/system_stm32f1xx.c ****         break;
 117              		.loc 1 362 9 is_stmt 1 view .LVU25
 118 0018 02E0     		b	.L8
 119              	.LVL3:
 120              	.L11:
 282:Src/system_stm32f1xx.c ****         break;
 121              		.loc 1 282 9 view .LVU26
 282:Src/system_stm32f1xx.c ****         break;
 122              		.loc 1 282 25 is_stmt 0 view .LVU27
 123 001a 1A4B     		ldr	r3, .L12+4
 124              	.LVL4:
 282:Src/system_stm32f1xx.c ****         break;
 125              		.loc 1 282 25 view .LVU28
 126 001c 1A4A     		ldr	r2, .L12+8
 127 001e 1A60     		str	r2, [r3]
 283:Src/system_stm32f1xx.c ****     case 0x04U: /* HSE used as system clock */
 128              		.loc 1 283 9 is_stmt 1 view .LVU29
 129              	.LVL5:
 130              	.L8:
 363:Src/system_stm32f1xx.c ****     }
 364:Src/system_stm32f1xx.c **** 
 365:Src/system_stm32f1xx.c ****     /* Compute HCLK clock frequency ----------------*/
 366:Src/system_stm32f1xx.c ****     /* Get HCLK prescaler */
 367:Src/system_stm32f1xx.c ****     tmp = AHBPrescTable[((RCC->CFGR & RCC_CFGR_HPRE) >> 4U)];
 131              		.loc 1 367 5 view .LVU30
 132              		.loc 1 367 30 is_stmt 0 view .LVU31
 133 0020 174B     		ldr	r3, .L12
 134 0022 5B68     		ldr	r3, [r3, #4]
 135              		.loc 1 367 54 view .LVU32
 136 0024 C3F30313 		ubfx	r3, r3, #4, #4
 137              		.loc 1 367 24 view .LVU33
 138 0028 184A     		ldr	r2, .L12+12
 139 002a D15C     		ldrb	r1, [r2, r3]	@ zero_extendqisi2
 140              	.LVL6:
 368:Src/system_stm32f1xx.c ****     /* HCLK clock frequency */
 369:Src/system_stm32f1xx.c ****     SystemCoreClock >>= tmp;
 141              		.loc 1 369 5 is_stmt 1 view .LVU34
 142              		.loc 1 369 21 is_stmt 0 view .LVU35
 143 002c 154A     		ldr	r2, .L12+4
ARM GAS  C:\Users\tianx\AppData\Local\Temp\ccE7rzqb.s 			page 10


 144 002e 1368     		ldr	r3, [r2]
 145 0030 CB40     		lsrs	r3, r3, r1
 146 0032 1360     		str	r3, [r2]
 370:Src/system_stm32f1xx.c **** }
 147              		.loc 1 370 1 view .LVU36
 148 0034 7047     		bx	lr
 149              	.LVL7:
 150              	.L5:
 285:Src/system_stm32f1xx.c ****         break;
 151              		.loc 1 285 9 is_stmt 1 view .LVU37
 285:Src/system_stm32f1xx.c ****         break;
 152              		.loc 1 285 25 is_stmt 0 view .LVU38
 153 0036 134B     		ldr	r3, .L12+4
 154              	.LVL8:
 285:Src/system_stm32f1xx.c ****         break;
 155              		.loc 1 285 25 view .LVU39
 156 0038 134A     		ldr	r2, .L12+8
 157 003a 1A60     		str	r2, [r3]
 286:Src/system_stm32f1xx.c ****     case 0x08U: /* PLL used as system clock */
 158              		.loc 1 286 9 is_stmt 1 view .LVU40
 159 003c F0E7     		b	.L8
 160              	.LVL9:
 161              	.L6:
 290:Src/system_stm32f1xx.c ****         pllsource = RCC->CFGR & RCC_CFGR_PLLSRC;
 162              		.loc 1 290 9 view .LVU41
 290:Src/system_stm32f1xx.c ****         pllsource = RCC->CFGR & RCC_CFGR_PLLSRC;
 163              		.loc 1 290 22 is_stmt 0 view .LVU42
 164 003e 104A     		ldr	r2, .L12
 165 0040 5368     		ldr	r3, [r2, #4]
 166              	.LVL10:
 291:Src/system_stm32f1xx.c **** 
 167              		.loc 1 291 9 is_stmt 1 view .LVU43
 291:Src/system_stm32f1xx.c **** 
 168              		.loc 1 291 24 is_stmt 0 view .LVU44
 169 0042 5268     		ldr	r2, [r2, #4]
 170              	.LVL11:
 294:Src/system_stm32f1xx.c **** 
 171              		.loc 1 294 9 is_stmt 1 view .LVU45
 294:Src/system_stm32f1xx.c **** 
 172              		.loc 1 294 28 is_stmt 0 view .LVU46
 173 0044 C3F38343 		ubfx	r3, r3, #18, #4
 174              	.LVL12:
 294:Src/system_stm32f1xx.c **** 
 175              		.loc 1 294 17 view .LVU47
 176 0048 0233     		adds	r3, r3, #2
 177              	.LVL13:
 296:Src/system_stm32f1xx.c ****         {
 178              		.loc 1 296 9 is_stmt 1 view .LVU48
 296:Src/system_stm32f1xx.c ****         {
 179              		.loc 1 296 12 is_stmt 0 view .LVU49
 180 004a 12F4803F 		tst	r2, #65536
 181 004e 05D1     		bne	.L9
 299:Src/system_stm32f1xx.c ****         }
 182              		.loc 1 299 13 is_stmt 1 view .LVU50
 299:Src/system_stm32f1xx.c ****         }
 183              		.loc 1 299 49 is_stmt 0 view .LVU51
 184 0050 0F4A     		ldr	r2, .L12+16
ARM GAS  C:\Users\tianx\AppData\Local\Temp\ccE7rzqb.s 			page 11


 185              	.LVL14:
 299:Src/system_stm32f1xx.c ****         }
 186              		.loc 1 299 49 view .LVU52
 187 0052 02FB03F3 		mul	r3, r2, r3
 188              	.LVL15:
 299:Src/system_stm32f1xx.c ****         }
 189              		.loc 1 299 29 view .LVU53
 190 0056 0B4A     		ldr	r2, .L12+4
 191 0058 1360     		str	r3, [r2]
 192 005a E1E7     		b	.L8
 193              	.LVL16:
 194              	.L9:
 309:Src/system_stm32f1xx.c ****             { /* HSE oscillator clock divided by 2 */
 195              		.loc 1 309 13 is_stmt 1 view .LVU54
 309:Src/system_stm32f1xx.c ****             { /* HSE oscillator clock divided by 2 */
 196              		.loc 1 309 21 is_stmt 0 view .LVU55
 197 005c 084A     		ldr	r2, .L12
 198              	.LVL17:
 309:Src/system_stm32f1xx.c ****             { /* HSE oscillator clock divided by 2 */
 199              		.loc 1 309 21 view .LVU56
 200 005e 5268     		ldr	r2, [r2, #4]
 309:Src/system_stm32f1xx.c ****             { /* HSE oscillator clock divided by 2 */
 201              		.loc 1 309 16 view .LVU57
 202 0060 12F4003F 		tst	r2, #131072
 203 0064 05D0     		beq	.L10
 311:Src/system_stm32f1xx.c ****             }
 204              		.loc 1 311 17 is_stmt 1 view .LVU58
 311:Src/system_stm32f1xx.c ****             }
 205              		.loc 1 311 53 is_stmt 0 view .LVU59
 206 0066 0A4A     		ldr	r2, .L12+16
 207 0068 02FB03F3 		mul	r3, r2, r3
 208              	.LVL18:
 311:Src/system_stm32f1xx.c ****             }
 209              		.loc 1 311 33 view .LVU60
 210 006c 054A     		ldr	r2, .L12+4
 211 006e 1360     		str	r3, [r2]
 212 0070 D6E7     		b	.L8
 213              	.LVL19:
 214              	.L10:
 315:Src/system_stm32f1xx.c ****             }
 215              		.loc 1 315 17 is_stmt 1 view .LVU61
 315:Src/system_stm32f1xx.c ****             }
 216              		.loc 1 315 45 is_stmt 0 view .LVU62
 217 0072 054A     		ldr	r2, .L12+8
 218 0074 02FB03F3 		mul	r3, r2, r3
 219              	.LVL20:
 315:Src/system_stm32f1xx.c ****             }
 220              		.loc 1 315 33 view .LVU63
 221 0078 024A     		ldr	r2, .L12+4
 222 007a 1360     		str	r3, [r2]
 223 007c D0E7     		b	.L8
 224              	.L13:
 225 007e 00BF     		.align	2
 226              	.L12:
 227 0080 00100240 		.word	1073876992
 228 0084 00000000 		.word	.LANCHOR0
 229 0088 00127A00 		.word	8000000
ARM GAS  C:\Users\tianx\AppData\Local\Temp\ccE7rzqb.s 			page 12


 230 008c 00000000 		.word	.LANCHOR1
 231 0090 00093D00 		.word	4000000
 232              		.cfi_endproc
 233              	.LFE67:
 235              		.global	APBPrescTable
 236              		.global	AHBPrescTable
 237              		.global	SystemCoreClock
 238              		.section	.data.SystemCoreClock,"aw"
 239              		.align	2
 240              		.set	.LANCHOR0,. + 0
 243              	SystemCoreClock:
 244 0000 00A24A04 		.word	72000000
 245              		.section	.rodata.AHBPrescTable,"a"
 246              		.align	2
 247              		.set	.LANCHOR1,. + 0
 250              	AHBPrescTable:
 251 0000 00       		.byte	0
 252 0001 00       		.byte	0
 253 0002 00       		.byte	0
 254 0003 00       		.byte	0
 255 0004 00       		.byte	0
 256 0005 00       		.byte	0
 257 0006 00       		.byte	0
 258 0007 00       		.byte	0
 259 0008 01       		.byte	1
 260 0009 02       		.byte	2
 261 000a 03       		.byte	3
 262 000b 04       		.byte	4
 263 000c 06       		.byte	6
 264 000d 07       		.byte	7
 265 000e 08       		.byte	8
 266 000f 09       		.byte	9
 267              		.section	.rodata.APBPrescTable,"a"
 268              		.align	2
 271              	APBPrescTable:
 272 0000 00       		.byte	0
 273 0001 00       		.byte	0
 274 0002 00       		.byte	0
 275 0003 00       		.byte	0
 276 0004 01       		.byte	1
 277 0005 02       		.byte	2
 278 0006 03       		.byte	3
 279 0007 04       		.byte	4
 280              		.text
 281              	.Letext0:
 282              		.file 2 "d:\\arm_gcc\\8 2019-q3-update\\arm-none-eabi\\include\\machine\\_default_types.h"
 283              		.file 3 "d:\\arm_gcc\\8 2019-q3-update\\arm-none-eabi\\include\\sys\\_stdint.h"
 284              		.file 4 "Drivers/CMSIS/Include/core_cm3.h"
 285              		.file 5 "Drivers/CMSIS/Device/ST/STM32F1xx/Include/system_stm32f1xx.h"
 286              		.file 6 "Drivers/CMSIS/Device/ST/STM32F1xx/Include/stm32f103xe.h"
 287              		.file 7 "d:\\arm_gcc\\8 2019-q3-update\\lib\\gcc\\arm-none-eabi\\8.3.1\\include\\stddef.h"
 288              		.file 8 "d:\\arm_gcc\\8 2019-q3-update\\arm-none-eabi\\include\\sys\\_types.h"
 289              		.file 9 "d:\\arm_gcc\\8 2019-q3-update\\arm-none-eabi\\include\\sys\\reent.h"
 290              		.file 10 "d:\\arm_gcc\\8 2019-q3-update\\arm-none-eabi\\include\\sys\\lock.h"
 291              		.file 11 "Drivers/CMSIS/Device/ST/STM32F1xx/Include/stm32f1xx.h"
 292              		.file 12 "Drivers/STM32F1xx_HAL_Driver/Inc/stm32f1xx_hal.h"
ARM GAS  C:\Users\tianx\AppData\Local\Temp\ccE7rzqb.s 			page 13


DEFINED SYMBOLS
                            *ABS*:00000000 system_stm32f1xx.c
C:\Users\tianx\AppData\Local\Temp\ccE7rzqb.s:16     .text.SystemInit:00000000 $t
C:\Users\tianx\AppData\Local\Temp\ccE7rzqb.s:24     .text.SystemInit:00000000 SystemInit
C:\Users\tianx\AppData\Local\Temp\ccE7rzqb.s:74     .text.SystemInit:00000040 $d
C:\Users\tianx\AppData\Local\Temp\ccE7rzqb.s:81     .text.SystemCoreClockUpdate:00000000 $t
C:\Users\tianx\AppData\Local\Temp\ccE7rzqb.s:88     .text.SystemCoreClockUpdate:00000000 SystemCoreClockUpdate
C:\Users\tianx\AppData\Local\Temp\ccE7rzqb.s:227    .text.SystemCoreClockUpdate:00000080 $d
C:\Users\tianx\AppData\Local\Temp\ccE7rzqb.s:271    .rodata.APBPrescTable:00000000 APBPrescTable
C:\Users\tianx\AppData\Local\Temp\ccE7rzqb.s:250    .rodata.AHBPrescTable:00000000 AHBPrescTable
C:\Users\tianx\AppData\Local\Temp\ccE7rzqb.s:243    .data.SystemCoreClock:00000000 SystemCoreClock
C:\Users\tianx\AppData\Local\Temp\ccE7rzqb.s:239    .data.SystemCoreClock:00000000 $d
C:\Users\tianx\AppData\Local\Temp\ccE7rzqb.s:246    .rodata.AHBPrescTable:00000000 $d
C:\Users\tianx\AppData\Local\Temp\ccE7rzqb.s:268    .rodata.APBPrescTable:00000000 $d

NO UNDEFINED SYMBOLS
