ARM GAS  C:\Users\tianx\AppData\Local\Temp\cc7oUM40.s 			page 1


   1              		.cpu cortex-m3
   2              		.eabi_attribute 20, 1
   3              		.eabi_attribute 21, 1
   4              		.eabi_attribute 23, 3
   5              		.eabi_attribute 24, 1
   6              		.eabi_attribute 25, 1
   7              		.eabi_attribute 26, 1
   8              		.eabi_attribute 30, 1
   9              		.eabi_attribute 34, 1
  10              		.eabi_attribute 18, 4
  11              		.file	"task.c"
  12              		.text
  13              	.Ltext0:
  14              		.cfi_sections	.debug_frame
  15              		.section	.text.redLedBlink,"ax",%progbits
  16              		.align	1
  17              		.global	redLedBlink
  18              		.arch armv7-m
  19              		.syntax unified
  20              		.thumb
  21              		.thumb_func
  22              		.fpu softvfp
  24              	redLedBlink:
  25              	.LFB110:
  26              		.file 1 "Src/task.c"
   1:Src/task.c    **** #include "task.h"
   2:Src/task.c    **** #include "gpio.h"
   3:Src/task.c    **** 
   4:Src/task.c    **** void redLedBlink(void *pdata)
   5:Src/task.c    **** {
  27              		.loc 1 5 1 view -0
  28              		.cfi_startproc
  29              		@ Volatile: function does not return.
  30              		@ args = 0, pretend = 0, frame = 0
  31              		@ frame_needed = 0, uses_anonymous_args = 0
  32              	.LVL0:
  33              		.loc 1 5 1 is_stmt 0 view .LVU1
  34 0000 08B5     		push	{r3, lr}
  35              	.LCFI0:
  36              		.cfi_def_cfa_offset 8
  37              		.cfi_offset 3, -8
  38              		.cfi_offset 14, -4
  39              	.LVL1:
  40              	.L2:
   6:Src/task.c    ****     while (1)
  41              		.loc 1 6 5 is_stmt 1 discriminator 1 view .LVU2
   7:Src/task.c    ****     {
   8:Src/task.c    ****         HAL_GPIO_TogglePin(GPIOB, GPIO_PIN_5);
  42              		.loc 1 8 9 discriminator 1 view .LVU3
  43 0002 144C     		ldr	r4, .L4
  44 0004 2021     		movs	r1, #32
  45 0006 2046     		mov	r0, r4
  46 0008 FFF7FEFF 		bl	HAL_GPIO_TogglePin
  47              	.LVL2:
   9:Src/task.c    ****         osDelay(500);
  48              		.loc 1 9 9 discriminator 1 view .LVU4
  49 000c 4FF4FA70 		mov	r0, #500
ARM GAS  C:\Users\tianx\AppData\Local\Temp\cc7oUM40.s 			page 2


  50 0010 FFF7FEFF 		bl	osDelay
  51              	.LVL3:
  10:Src/task.c    ****         HAL_GPIO_TogglePin(GPIOB, GPIO_PIN_5);
  52              		.loc 1 10 9 discriminator 1 view .LVU5
  53 0014 2021     		movs	r1, #32
  54 0016 2046     		mov	r0, r4
  55 0018 FFF7FEFF 		bl	HAL_GPIO_TogglePin
  56              	.LVL4:
  11:Src/task.c    ****         HAL_GPIO_TogglePin(GPIOB, GPIO_PIN_1);
  57              		.loc 1 11 9 discriminator 1 view .LVU6
  58 001c 0221     		movs	r1, #2
  59 001e 2046     		mov	r0, r4
  60 0020 FFF7FEFF 		bl	HAL_GPIO_TogglePin
  61              	.LVL5:
  12:Src/task.c    ****         osDelay(500);
  62              		.loc 1 12 9 discriminator 1 view .LVU7
  63 0024 4FF4FA70 		mov	r0, #500
  64 0028 FFF7FEFF 		bl	osDelay
  65              	.LVL6:
  13:Src/task.c    ****         HAL_GPIO_TogglePin(GPIOB, GPIO_PIN_1);
  66              		.loc 1 13 9 discriminator 1 view .LVU8
  67 002c 0221     		movs	r1, #2
  68 002e 2046     		mov	r0, r4
  69 0030 FFF7FEFF 		bl	HAL_GPIO_TogglePin
  70              	.LVL7:
  14:Src/task.c    ****         HAL_GPIO_TogglePin(GPIOB, GPIO_PIN_0);
  71              		.loc 1 14 9 discriminator 1 view .LVU9
  72 0034 0121     		movs	r1, #1
  73 0036 2046     		mov	r0, r4
  74 0038 FFF7FEFF 		bl	HAL_GPIO_TogglePin
  75              	.LVL8:
  15:Src/task.c    ****         osDelay(500);
  76              		.loc 1 15 9 discriminator 1 view .LVU10
  77 003c 4FF4FA70 		mov	r0, #500
  78 0040 FFF7FEFF 		bl	osDelay
  79              	.LVL9:
  16:Src/task.c    ****         HAL_GPIO_TogglePin(GPIOB, GPIO_PIN_0);
  80              		.loc 1 16 9 discriminator 1 view .LVU11
  81 0044 0121     		movs	r1, #1
  82 0046 2046     		mov	r0, r4
  83 0048 FFF7FEFF 		bl	HAL_GPIO_TogglePin
  84              	.LVL10:
  17:Src/task.c    ****         printf("test\n");
  85              		.loc 1 17 9 discriminator 1 view .LVU12
  86 004c 0248     		ldr	r0, .L4+4
  87 004e FFF7FEFF 		bl	puts
  88              	.LVL11:
  89 0052 D6E7     		b	.L2
  90              	.L5:
  91              		.align	2
  92              	.L4:
  93 0054 000C0140 		.word	1073810432
  94 0058 00000000 		.word	.LC0
  95              		.cfi_endproc
  96              	.LFE110:
  98              		.section	.text._write,"ax",%progbits
  99              		.align	1
ARM GAS  C:\Users\tianx\AppData\Local\Temp\cc7oUM40.s 			page 3


 100              		.global	_write
 101              		.syntax unified
 102              		.thumb
 103              		.thumb_func
 104              		.fpu softvfp
 106              	_write:
 107              	.LVL12:
 108              	.LFB111:
  18:Src/task.c    ****     }
  19:Src/task.c    **** }
  20:Src/task.c    **** 
  21:Src/task.c    **** #if defined(__CC_ARM) || defined(__ICCARM__)
  22:Src/task.c    **** 
  23:Src/task.c    **** int fputc(int ch, FILE *f)
  24:Src/task.c    **** {
  25:Src/task.c    ****     if (ch == '\n')
  26:Src/task.c    ****     {
  27:Src/task.c    ****         HAL_UART_Transmit(&huart1, (void *)"\r", 1, 30000);
  28:Src/task.c    ****     }
  29:Src/task.c    ****     HAL_UART_Transmit(&huart1, (unit8_t *)&ch, 1, 0xFFFF);
  30:Src/task.c    ****     return ch;
  31:Src/task.c    **** }
  32:Src/task.c    **** 
  33:Src/task.c    **** #elif defined (__GNUC__)
  34:Src/task.c    **** 
  35:Src/task.c    **** int _write(int fd, char *ptr, int len)
  36:Src/task.c    **** {
 109              		.loc 1 36 1 view -0
 110              		.cfi_startproc
 111              		@ args = 0, pretend = 0, frame = 0
 112              		@ frame_needed = 0, uses_anonymous_args = 0
 113              		.loc 1 36 1 is_stmt 0 view .LVU14
 114 0000 10B5     		push	{r4, lr}
 115              	.LCFI1:
 116              		.cfi_def_cfa_offset 8
 117              		.cfi_offset 4, -8
 118              		.cfi_offset 14, -4
 119 0002 1446     		mov	r4, r2
  37:Src/task.c    ****     (void)HAL_UART_Transmit(&huart1, (uint8_t *)ptr, len, 0xFFFF);
 120              		.loc 1 37 5 is_stmt 1 view .LVU15
 121              		.loc 1 37 11 is_stmt 0 view .LVU16
 122 0004 4FF6FF73 		movw	r3, #65535
 123 0008 92B2     		uxth	r2, r2
 124              	.LVL13:
 125              		.loc 1 37 11 view .LVU17
 126 000a 0248     		ldr	r0, .L8
 127              	.LVL14:
 128              		.loc 1 37 11 view .LVU18
 129 000c FFF7FEFF 		bl	HAL_UART_Transmit
 130              	.LVL15:
  38:Src/task.c    ****     return len;
 131              		.loc 1 38 5 is_stmt 1 view .LVU19
  39:Src/task.c    **** }
 132              		.loc 1 39 1 is_stmt 0 view .LVU20
 133 0010 2046     		mov	r0, r4
 134 0012 10BD     		pop	{r4, pc}
 135              	.LVL16:
ARM GAS  C:\Users\tianx\AppData\Local\Temp\cc7oUM40.s 			page 4


 136              	.L9:
 137              		.loc 1 39 1 view .LVU21
 138              		.align	2
 139              	.L8:
 140 0014 00000000 		.word	huart1
 141              		.cfi_endproc
 142              	.LFE111:
 144              		.section	.rodata.redLedBlink.str1.4,"aMS",%progbits,1
 145              		.align	2
 146              	.LC0:
 147 0000 74657374 		.ascii	"test\000"
 147      00
 148              		.text
 149              	.Letext0:
 150              		.file 2 "d:\\arm_gcc\\8 2019-q3-update\\arm-none-eabi\\include\\machine\\_default_types.h"
 151              		.file 3 "d:\\arm_gcc\\8 2019-q3-update\\arm-none-eabi\\include\\sys\\_stdint.h"
 152              		.file 4 "d:\\arm_gcc\\8 2019-q3-update\\lib\\gcc\\arm-none-eabi\\8.3.1\\include\\stddef.h"
 153              		.file 5 "Drivers/CMSIS/Include/core_cm3.h"
 154              		.file 6 "Drivers/CMSIS/Device/ST/STM32F1xx/Include/system_stm32f1xx.h"
 155              		.file 7 "Drivers/CMSIS/Device/ST/STM32F1xx/Include/stm32f103xe.h"
 156              		.file 8 "d:\\arm_gcc\\8 2019-q3-update\\arm-none-eabi\\include\\sys\\_types.h"
 157              		.file 9 "d:\\arm_gcc\\8 2019-q3-update\\arm-none-eabi\\include\\sys\\reent.h"
 158              		.file 10 "d:\\arm_gcc\\8 2019-q3-update\\arm-none-eabi\\include\\sys\\lock.h"
 159              		.file 11 "Drivers/STM32F1xx_HAL_Driver/Inc/stm32f1xx_hal_def.h"
 160              		.file 12 "Drivers/STM32F1xx_HAL_Driver/Inc/stm32f1xx_hal_dma.h"
 161              		.file 13 "Drivers/STM32F1xx_HAL_Driver/Inc/stm32f1xx_hal_uart.h"
 162              		.file 14 "Drivers/STM32F1xx_HAL_Driver/Inc/stm32f1xx_hal.h"
 163              		.file 15 "..//kernel/core/include/tos_ktypes.h"
 164              		.file 16 "..//kernel/core/include/tos_task.h"
 165              		.file 17 "d:\\arm_gcc\\8 2019-q3-update\\arm-none-eabi\\include\\stdlib.h"
 166              		.file 18 "..//kernel/core/include/tos_list.h"
 167              		.file 19 "..//kernel/core/include/tos_pend.h"
 168              		.file 20 "..//kernel/core/include/tos_sys.h"
 169              		.file 21 "..//kernel/core/include/tos_timer.h"
 170              		.file 22 "..//kernel/core/include/tos_mmheap.h"
 171              		.file 23 "..//kernel/core/include/tos_sched.h"
 172              		.file 24 "..//kernel/core/include/tos_global.h"
 173              		.file 25 "Inc/usart.h"
 174              		.file 26 "Drivers/STM32F1xx_HAL_Driver/Inc/stm32f1xx_hal_gpio.h"
 175              		.file 27 "..//osal/cmsis_os/cmsis_os.h"
 176              		.file 28 "<built-in>"
ARM GAS  C:\Users\tianx\AppData\Local\Temp\cc7oUM40.s 			page 5


DEFINED SYMBOLS
                            *ABS*:00000000 task.c
C:\Users\tianx\AppData\Local\Temp\cc7oUM40.s:16     .text.redLedBlink:00000000 $t
C:\Users\tianx\AppData\Local\Temp\cc7oUM40.s:24     .text.redLedBlink:00000000 redLedBlink
C:\Users\tianx\AppData\Local\Temp\cc7oUM40.s:93     .text.redLedBlink:00000054 $d
C:\Users\tianx\AppData\Local\Temp\cc7oUM40.s:99     .text._write:00000000 $t
C:\Users\tianx\AppData\Local\Temp\cc7oUM40.s:106    .text._write:00000000 _write
C:\Users\tianx\AppData\Local\Temp\cc7oUM40.s:140    .text._write:00000014 $d
C:\Users\tianx\AppData\Local\Temp\cc7oUM40.s:145    .rodata.redLedBlink.str1.4:00000000 $d

UNDEFINED SYMBOLS
HAL_GPIO_TogglePin
osDelay
puts
HAL_UART_Transmit
huart1
