ARM GAS  C:\Users\tianx\AppData\Local\Temp\cc1YX8b7.s 			page 1


   1              		.cpu cortex-m3
   2              		.eabi_attribute 20, 1
   3              		.eabi_attribute 21, 1
   4              		.eabi_attribute 23, 3
   5              		.eabi_attribute 24, 1
   6              		.eabi_attribute 25, 1
   7              		.eabi_attribute 26, 1
   8              		.eabi_attribute 30, 1
   9              		.eabi_attribute 34, 1
  10              		.eabi_attribute 18, 4
  11              		.file	"tos_robin.c"
  12              		.text
  13              	.Ltext0:
  14              		.cfi_sections	.debug_frame
  15              	.Letext0:
  16              		.file 1 "d:\\arm_gcc\\8 2019-q3-update\\arm-none-eabi\\include\\machine\\_default_types.h"
  17              		.file 2 "d:\\arm_gcc\\8 2019-q3-update\\arm-none-eabi\\include\\sys\\_stdint.h"
  18              		.file 3 "Drivers/CMSIS/Include/core_cm3.h"
  19              		.file 4 "Drivers/CMSIS/Device/ST/STM32F1xx/Include/system_stm32f1xx.h"
  20              		.file 5 "d:\\arm_gcc\\8 2019-q3-update\\lib\\gcc\\arm-none-eabi\\8.3.1\\include\\stddef.h"
  21              		.file 6 "d:\\arm_gcc\\8 2019-q3-update\\arm-none-eabi\\include\\sys\\_types.h"
  22              		.file 7 "d:\\arm_gcc\\8 2019-q3-update\\arm-none-eabi\\include\\sys\\reent.h"
  23              		.file 8 "d:\\arm_gcc\\8 2019-q3-update\\arm-none-eabi\\include\\sys\\lock.h"
  24              		.file 9 "Drivers/STM32F1xx_HAL_Driver/Inc/stm32f1xx_hal.h"
  25              		.file 10 "..//kernel/core/include/tos_ktypes.h"
  26              		.file 11 "..//kernel/core/include/tos_task.h"
  27              		.file 12 "d:\\arm_gcc\\8 2019-q3-update\\arm-none-eabi\\include\\stdlib.h"
  28              		.file 13 "..//kernel/core/include/tos_list.h"
  29              		.file 14 "..//kernel/core/include/tos_pend.h"
  30              		.file 15 "..//kernel/core/include/tos_sys.h"
  31              		.file 16 "..//kernel/core/include/tos_timer.h"
  32              		.file 17 "..//kernel/core/include/tos_mmheap.h"
  33              		.file 18 "..//kernel/core/include/tos_sched.h"
  34              		.file 19 "..//kernel/core/include/tos_global.h"
ARM GAS  C:\Users\tianx\AppData\Local\Temp\cc1YX8b7.s 			page 2


DEFINED SYMBOLS
                            *ABS*:00000000 tos_robin.c

NO UNDEFINED SYMBOLS
